<?xml version="1.0" encoding="UTF-8"?>
<testsuites name="TS_WebUI" time="113" tests="2" failures="1" errors="1">
   <testsuite name="TS_WebUI" tests="2" failures="1" errors="1" time="113" timestamp="2018-11-02 17:14:11" hostname="thangctran - HNDXRS1.kms.com.vn" id="Test Suites/Phase1/TS_WebUI">
      <properties>
         <property name="deviceName" value=""/>
         <property name="devicePlatform" value=""/>
         <property name="logFolder" value="D:\\Self-Study\\Framework\\Demo\\Reports\\Phase1\\TS_WebUI\\20181102_171408"/>
         <property name="logFiles" value="D:\\Self-Study\\Framework\\Demo\\Reports\\Phase1\\TS_WebUI\\20181102_171408\\execution0.log"/>
         <property name="attachments" value=""/>
         <property name="hostName" value="thangctran - HNDXRS1.kms.com.vn"/>
         <property name="os" value="Windows 10 64bit"/>
         <property name="katalonVersion" value="5.8.4.14"/>
         <property name="browser" value="Chrome 70.0.3538.77"/>
         <property name="hostAddress" value="192.168.50.130"/>
         <property name="sessionId" value="6bd62247741d00a47692114090ef170f"/>
         <property name="seleniumVersion" value="3.7.1"/>
         <property name="proxyInformation" value="ProxyInformation{proxyOption=NO_PROXY, proxyServerType=HTTP, password=, proxyServerAddress=, proxyServerPort=0}"/>
         <property name="platform" value="Windows 10"/>
      </properties>
      <testcase name="Test Cases/Features/WEB/Main/WTC_LOG-001-Login successful" classname="Test Cases/Features/WEB/Main/WTC_LOG-001-Login successful" status="PASSED">
         <system-out><![CDATA[2018-11-02 17:14:16 - [TEST_CASE][PASSED] - Test Cases/Features/WEB/Main/WTC_LOG-001-Login successful: Test Cases/Features/WEB/Main/WTC_LOG-001-Login successful

2018-11-02 17:14:16 - [TEST_STEP][PASSED] - Start listener action : sampleBeforeTestCase: Invoke 'com.kms.katalon.core.annotation.BeforeTestCase' method: 'Tests.sampleBeforeTestCase(...)' completed.

2018-11-02 17:14:16 - [TEST_STEP][PASSED] - Statement - startDate = CustomKeywords.pdi.Utilities.getUnique("yyyy/MM/dd HH:mm:ss"): pdi.Utilities.getUnique is PASSED

2018-11-02 17:14:16 - [MESSAGE][PASSED] - pdi.Utilities.getUnique is PASSED

2018-11-02 17:14:16 - [TEST_STEP][PASSED] - Statement - startTime = java.lang.System.currentTimeMillis(): Invoke 'com.kms.katalon.core.annotation.BeforeTestCase' method: 'Tests.sampleBeforeTestCase(...)' completed.

2018-11-02 17:14:16 - [TEST_STEP][PASSED] - Start setup action : SetUp: Method 'SetUp' complete successfully

2018-11-02 17:14:17 - [TEST_STEP][PASSED] - Statement - If (true): null

2018-11-02 17:14:17 - [TEST_STEP][PASSED] - Statement - _testData = com.kms.katalon.core.testdata.TestDataFactory.findTestData(WEB/Main/WTC_LOG-001-Login successful): Reading CSV file with source file 'comma', separator 'containing header' and '{2}'

2018-11-02 17:14:17 - [TEST_STEP][PASSED] - Statement - _totalRow = 1: null

2018-11-02 17:14:17 - [TEST_STEP][PASSED] - Statement - If (SuiteType.toUpperCase().contains("DRIVEN")): null

2018-11-02 17:14:17 - [TEST_STEP][PASSED] - Statement - If (true): Browser is opened with url: 'https://pdi.intellifuel.net/login.php?operator1'

2018-11-02 17:14:17 - [TEST_STEP][PASSED] - Statement - _user = CustomKeywords.pdi.Utilities.getDataRow(com.kms.katalon.core.testdata.TestDataFactory.findTestData(Data Files/WEB/General/Accounts), 1): pdi.Utilities.getDataRow is PASSED

2018-11-02 17:14:17 - [MESSAGE][PASSED] - pdi.Utilities.getDataRow is PASSED

2018-11-02 17:14:17 - [TEST_STEP][PASSED] - openBrowser: Browser is opened with url: 'https://pdi.intellifuel.net/login.php?operator1'

2018-11-02 17:14:45 - [MESSAGE][PASSED] - Browser is opened with url: 'https://pdi.intellifuel.net/login.php?operator1'

2018-11-02 17:14:45 - [MESSAGE][PASSED] - Method 'SetUp' complete successfully

2018-11-02 17:14:45 - [TEST_STEP][PASSED] - Statement - For ([i = 1, i <= _totalRow, (i++)]): Call Test Case 'Test Cases/Features/WEB/Main/WTC_LOG-001-Sub-Login successful' successfully

2018-11-02 17:14:45 - [TEST_STEP][PASSED] - Statement - If (true): pdi.Utilities.getDataRow is PASSED

2018-11-02 17:14:45 - [TEST_STEP][PASSED] - Statement - _data = CustomKeywords.pdi.Utilities.getDataRow(_testData, i): pdi.Utilities.getDataRow is PASSED

2018-11-02 17:14:45 - [MESSAGE][PASSED] - pdi.Utilities.getDataRow is PASSED

2018-11-02 17:14:45 - [TEST_STEP][PASSED] - Statement - If (true): Call Test Case 'Test Cases/Features/WEB/Main/WTC_LOG-001-Sub-Login successful' successfully

2018-11-02 17:14:45 - [TEST_STEP][PASSED] - callTestCase: Call Test Case 'Test Cases/Features/WEB/Main/WTC_LOG-001-Sub-Login successful' successfully

2018-11-02 17:14:45 - [TEST_CASE][PASSED] - Test Cases/Features/WEB/Main/WTC_LOG-001-Sub-Login successful: Test Cases/Features/WEB/Main/WTC_LOG-001-Sub-Login successful

2018-11-02 17:14:45 - [TEST_STEP][PASSED] - Statement - If (true): Call Test Case 'Test Cases/Common/WEB/General/Login' successfully

2018-11-02 17:14:45 - [TEST_STEP][PASSED] - callTestCase: Call Test Case 'Test Cases/Common/WEB/General/Login' successfully

2018-11-02 17:14:45 - [TEST_CASE][PASSED] - Test Cases/Common/WEB/General/Login: Test Cases/Common/WEB/General/Login

2018-11-02 17:14:45 - [TEST_STEP][PASSED] - Statement - If (p_URL != null): null

2018-11-02 17:14:45 - [TEST_STEP][PASSED] - Statement - If (p_UserName != null): Text 'automation' is set on object 'Object Repository/WEB/Login/txt_User name'

2018-11-02 17:14:45 - [MESSAGE][PASSED] - Text 'automation' is set on object 'Object Repository/WEB/Login/txt_User name'

2018-11-02 17:14:45 - [TEST_STEP][PASSED] - Statement - If (p_Password != null): Text '5c57d85' is set on object 'Object Repository/WEB/Login/txt_Password'

2018-11-02 17:14:46 - [MESSAGE][PASSED] - Text '5c57d85' is set on object 'Object Repository/WEB/Login/txt_Password'

2018-11-02 17:14:46 - [TEST_STEP][PASSED] - click: Object: 'Object Repository/WEB/Login/btn_Login' is clicked on

2018-11-02 17:14:55 - [MESSAGE][PASSED] - Object: 'Object Repository/WEB/Login/btn_Login' is clicked on

2018-11-02 17:14:55 - [TEST_STEP][PASSED] - waitForPageLoad: Wait for page load successfully

2018-11-02 17:14:55 - [MESSAGE][PASSED] - Wait for page load successfully

2018-11-02 17:14:55 - [MESSAGE][PASSED] - Call Test Case 'Test Cases/Common/WEB/General/Login' successfully

2018-11-02 17:14:55 - [TEST_STEP][PASSED] - verifyEqual: Actual object 'BASE CONTROL MENU' and expected object 'BASE CONTROL MENU' are equal

2018-11-02 17:14:55 - [MESSAGE][PASSED] - Current window's title is: 'BASE CONTROL MENU'

2018-11-02 17:14:55 - [MESSAGE][PASSED] - Actual object 'BASE CONTROL MENU' and expected object 'BASE CONTROL MENU' are equal

2018-11-02 17:14:55 - [TEST_STEP][PASSED] - Statement - If (true): Call Test Case 'Test Cases/Common/WEB/General/Select menu' successfully

2018-11-02 17:14:55 - [TEST_STEP][PASSED] - callTestCase: Call Test Case 'Test Cases/Common/WEB/General/Select menu' successfully

2018-11-02 17:14:55 - [TEST_CASE][PASSED] - Test Cases/Common/WEB/General/Select menu: Test Cases/Common/WEB/General/Select menu

2018-11-02 17:14:55 - [TEST_STEP][PASSED] - Statement - _listItems = p_MenuItems.split(">"): null

2018-11-02 17:14:55 - [TEST_STEP][PASSED] - click: Object: 'Object Repository/WEB/General/By_Id' is clicked on

2018-11-02 17:14:55 - [MESSAGE][PASSED] - Object: 'Object Repository/WEB/General/By_Id' is clicked on

2018-11-02 17:14:55 - [TEST_STEP][PASSED] - Statement - For ([i = 1, i < _listItems.size(), (i++)]): Object: 'Object Repository/WEB/Main/mnu_Item' is hovered

2018-11-02 17:14:55 - [TEST_STEP][PASSED] - waitForElementVisible: Object 'Object Repository/WEB/Main/mnu_Item' is visible

2018-11-02 17:14:56 - [MESSAGE][PASSED] - Object 'Object Repository/WEB/Main/mnu_Item' is visible

2018-11-02 17:14:56 - [TEST_STEP][PASSED] - mouseOver: Object: 'Object Repository/WEB/Main/mnu_Item' is hovered

2018-11-02 17:14:56 - [MESSAGE][PASSED] - Object: 'Object Repository/WEB/Main/mnu_Item' is hovered

2018-11-02 17:14:56 - [TEST_STEP][PASSED] - click: Object: 'Object Repository/WEB/Main/mnu_Item' is clicked on

2018-11-02 17:14:58 - [MESSAGE][PASSED] - Object: 'Object Repository/WEB/Main/mnu_Item' is clicked on

2018-11-02 17:14:58 - [TEST_STEP][PASSED] - waitForPageLoad: Wait for page load successfully

2018-11-02 17:14:58 - [MESSAGE][PASSED] - Wait for page load successfully

2018-11-02 17:14:58 - [MESSAGE][PASSED] - Call Test Case 'Test Cases/Common/WEB/General/Select menu' successfully

2018-11-02 17:14:58 - [MESSAGE][PASSED] - Call Test Case 'Test Cases/Features/WEB/Main/WTC_LOG-001-Sub-Login successful' successfully

2018-11-02 17:14:58 - [TEST_STEP][PASSED] - Start tear down : TearDown: Method 'TearDown' complete successfully

2018-11-02 17:14:58 - [TEST_STEP][PASSED] - closeBrowser: Browser is closed

2018-11-02 17:15:00 - [MESSAGE][PASSED] - Browser is closed

2018-11-02 17:15:00 - [MESSAGE][PASSED] - Method 'TearDown' complete successfully

2018-11-02 17:15:00 - [TEST_STEP][PASSED] - Start listener action : sampleAfterTestCase: Call Test Case 'Test Cases/Common/API/GoogleSheet/Update result to GoogleSheet' successfully

2018-11-02 17:15:00 - [TEST_STEP][PASSED] - Statement - If (UploadTestStatus): Call Test Case 'Test Cases/Common/API/GoogleSheet/Update result to GoogleSheet' successfully

2018-11-02 17:15:00 - [TEST_STEP][PASSED] - Statement - testCaseName = testCaseContext.getTestCaseId().toString().split("/").last(): null

2018-11-02 17:15:00 - [TEST_STEP][PASSED] - Statement - testCaseStatus = testCaseContext.getTestCaseStatus(): null

2018-11-02 17:15:00 - [TEST_STEP][PASSED] - Statement - millis = java.lang.System.currentTimeMillis() - startTime: null

2018-11-02 17:15:00 - [TEST_STEP][PASSED] - Statement - seconds = millis / 1000: null

2018-11-02 17:15:00 - [TEST_STEP][PASSED] - Statement - duration = java.lang.String.format("%02d:%02d:%02d.%03d", millis / 3600000, seconds % 3600 / 60, seconds % 60, millis % 1000): null

2018-11-02 17:15:00 - [TEST_STEP][PASSED] - callTestCase: Call Test Case 'Test Cases/Common/API/GoogleSheet/Update result to GoogleSheet' successfully

2018-11-02 17:15:00 - [TEST_CASE][PASSED] - Test Cases/Common/API/GoogleSheet/Update result to GoogleSheet: Test Cases/Common/API/GoogleSheet/Update result to GoogleSheet

2018-11-02 17:15:00 - [TEST_STEP][PASSED] - Statement - jsonSlurper = new groovy.json.JsonSlurper(): null

2018-11-02 17:15:00 - [TEST_STEP][PASSED] - Statement - _data = CustomKeywords.pdi.Utilities.getDataRow(com.kms.katalon.core.testdata.TestDataFactory.findTestData(Data Files/API/GoogleSheet), 1): pdi.Utilities.getDataRow is PASSED

2018-11-02 17:15:00 - [MESSAGE][PASSED] - pdi.Utilities.getDataRow is PASSED

2018-11-02 17:15:00 - [TEST_STEP][PASSED] - Statement - _paramsBody = java.lang.String.format("client_id=%s&client_secret=%s&refresh_token=%s&grant_type=refresh_token", _data["client_id"], _data["client_secret"], _data["refresh_token"]): null

2018-11-02 17:15:00 - [TEST_STEP][PASSED] - Statement - If (true): null

2018-11-02 17:15:00 - [TEST_STEP][PASSED] - Statement - response_GoogleAccessToken = com.kms.katalon.core.webservice.keyword.WSBuiltInKeywords.sendRequest(com.kms.katalon.core.testobject.ObjectRepository.findTestObject(API/GoogleSheet/POST_Get GoogleSheet Access Token, [p_Body:_paramsBody])): Send request successfully

2018-11-02 17:15:00 - [MESSAGE][PASSED] - Send request successfully

2018-11-02 17:15:00 - [TEST_STEP][PASSED] - Statement - _accessToken = access_token: null

2018-11-02 17:15:00 - [TEST_STEP][PASSED] - Statement - If (true): null

2018-11-02 17:15:00 - [TEST_STEP][PASSED] - Statement - response_ListTCs = com.kms.katalon.core.webservice.keyword.WSBuiltInKeywords.sendRequest(com.kms.katalon.core.testobject.ObjectRepository.findTestObject(API/GoogleSheet/GET_Get list test cases, [p_Spreadsheet_Id:_data[spreadsheet_id], p_SheetName:internal.GlobalVariable.SheetName, p_Authorization:(Bearer  + _accessToken)])): Send request successfully

2018-11-02 17:15:01 - [MESSAGE][PASSED] - Send request successfully

2018-11-02 17:15:01 - [TEST_STEP][PASSED] - Statement - _listTC = []: null

2018-11-02 17:15:01 - [TEST_STEP][PASSED] - Statement - json_ListTCs = jsonSlurper.parseText(response_ListTCs.getResponseText()): null

2018-11-02 17:15:01 - [TEST_STEP][PASSED] - Statement - For (def TCName : values): null

2018-11-02 17:15:01 - [TEST_STEP][PASSED] - Statement - _listTC.add(TCName[0].toString()): null

2018-11-02 17:15:01 - [TEST_STEP][PASSED] - Statement - _listTC.add(TCName[0].toString()): null

2018-11-02 17:15:01 - [TEST_STEP][PASSED] - Statement - _listTC.add(TCName[0].toString()): null

2018-11-02 17:15:01 - [TEST_STEP][PASSED] - Statement - _listTC.add(TCName[0].toString()): null

2018-11-02 17:15:01 - [TEST_STEP][PASSED] - Statement - _listTC.add(TCName[0].toString()): null

2018-11-02 17:15:01 - [TEST_STEP][PASSED] - Statement - _listTC.add(TCName[0].toString()): null

2018-11-02 17:15:01 - [TEST_STEP][PASSED] - Statement - _listTC.add(TCName[0].toString()): null

2018-11-02 17:15:01 - [TEST_STEP][PASSED] - Statement - _listTC.add(TCName[0].toString()): null

2018-11-02 17:15:01 - [TEST_STEP][PASSED] - Statement - _listTC.add(TCName[0].toString()): null

2018-11-02 17:15:01 - [TEST_STEP][PASSED] - Statement - _listTC.add(TCName[0].toString()): null

2018-11-02 17:15:01 - [TEST_STEP][PASSED] - Statement - _listTC.add(TCName[0].toString()): null

2018-11-02 17:15:01 - [TEST_STEP][PASSED] - Statement - If (true): Send request successfully

2018-11-02 17:15:01 - [TEST_STEP][PASSED] - Statement - If (_listTC.contains(p_TCName)): null

2018-11-02 17:15:01 - [TEST_STEP][PASSED] - Statement - Else: Send request successfully

2018-11-02 17:15:01 - [TEST_STEP][PASSED] - Statement - foundIndex = _listTC.size() + 1: null

2018-11-02 17:15:01 - [TEST_STEP][PASSED] - sendRequest: Send request successfully

2018-11-02 17:15:02 - [MESSAGE][PASSED] - Send request successfully

2018-11-02 17:15:02 - [TEST_STEP][PASSED] - Statement - rangeValues = java.lang.String.format("%s","%s","%s","","%s", p_CurrentBuild, p_StartTime, p_Duration, p_TCStatus): null

2018-11-02 17:15:02 - [TEST_STEP][PASSED] - sendRequest: Send request successfully

2018-11-02 17:15:03 - [MESSAGE][PASSED] - Send request successfully

2018-11-02 17:15:03 - [MESSAGE][PASSED] - Call Test Case 'Test Cases/Common/API/GoogleSheet/Update result to GoogleSheet' successfully]]></system-out>
         <system-err><![CDATA[]]></system-err>
      </testcase>
      <testcase name="Test Cases/Features/WEB/Main/WTC_LOG-002-Access to Features" classname="Test Cases/Features/WEB/Main/WTC_LOG-002-Access to Features" status="PASSED">
         <system-out><![CDATA[2018-11-02 17:15:03 - [TEST_CASE][PASSED] - Test Cases/Features/WEB/Main/WTC_LOG-002-Access to Features: Test Cases/Features/WEB/Main/WTC_LOG-002-Access to Features

2018-11-02 17:15:03 - [TEST_STEP][PASSED] - Start listener action : sampleBeforeTestCase: Invoke 'com.kms.katalon.core.annotation.BeforeTestCase' method: 'Tests.sampleBeforeTestCase(...)' completed.

2018-11-02 17:15:03 - [TEST_STEP][PASSED] - Statement - startDate = CustomKeywords.pdi.Utilities.getUnique("yyyy/MM/dd HH:mm:ss"): pdi.Utilities.getUnique is PASSED

2018-11-02 17:15:03 - [MESSAGE][PASSED] - pdi.Utilities.getUnique is PASSED

2018-11-02 17:15:03 - [TEST_STEP][PASSED] - Statement - startTime = java.lang.System.currentTimeMillis(): Invoke 'com.kms.katalon.core.annotation.BeforeTestCase' method: 'Tests.sampleBeforeTestCase(...)' completed.

2018-11-02 17:15:03 - [TEST_STEP][PASSED] - Start setup action : SetUp: Method 'SetUp' complete successfully

2018-11-02 17:15:03 - [TEST_STEP][PASSED] - Statement - If (true): null

2018-11-02 17:15:03 - [TEST_STEP][PASSED] - Statement - _user = CustomKeywords.pdi.Utilities.getDataRow(com.kms.katalon.core.testdata.TestDataFactory.findTestData(Data Files/WEB/General/Accounts), 1): pdi.Utilities.getDataRow is PASSED

2018-11-02 17:15:03 - [MESSAGE][PASSED] - pdi.Utilities.getDataRow is PASSED

2018-11-02 17:15:03 - [TEST_STEP][PASSED] - Statement - _testData = com.kms.katalon.core.testdata.TestDataFactory.findTestData(WEB/Main/WTC_LOG-002-Access to Features): Reading CSV file with source file 'comma', separator 'containing header' and '{2}'

2018-11-02 17:15:03 - [TEST_STEP][PASSED] - Statement - _totalRow = 1: null

2018-11-02 17:15:03 - [TEST_STEP][PASSED] - Statement - If (SuiteType.toUpperCase().contains("DRIVEN")): null

2018-11-02 17:15:03 - [TEST_STEP][PASSED] - Statement - If (true): Call Test Case 'Test Cases/Common/WEB/General/Login' successfully

2018-11-02 17:15:03 - [TEST_STEP][PASSED] - callTestCase: Call Test Case 'Test Cases/Common/WEB/General/Login' successfully

2018-11-02 17:15:03 - [TEST_CASE][PASSED] - Test Cases/Common/WEB/General/Login: Test Cases/Common/WEB/General/Login

2018-11-02 17:15:03 - [TEST_STEP][PASSED] - Statement - If (p_URL != null): Browser is opened with url: 'https://pdi.intellifuel.net/login.php?operator1'

2018-11-02 17:15:28 - [MESSAGE][PASSED] - Browser is opened with url: 'https://pdi.intellifuel.net/login.php?operator1'

2018-11-02 17:15:28 - [TEST_STEP][PASSED] - Statement - If (p_UserName != null): Text 'automation' is set on object 'Object Repository/WEB/Login/txt_User name'

2018-11-02 17:15:28 - [MESSAGE][PASSED] - Text 'automation' is set on object 'Object Repository/WEB/Login/txt_User name'

2018-11-02 17:15:28 - [TEST_STEP][PASSED] - Statement - If (p_Password != null): Text '5c57d85' is set on object 'Object Repository/WEB/Login/txt_Password'

2018-11-02 17:15:28 - [MESSAGE][PASSED] - Text '5c57d85' is set on object 'Object Repository/WEB/Login/txt_Password'

2018-11-02 17:15:28 - [TEST_STEP][PASSED] - click: Object: 'Object Repository/WEB/Login/btn_Login' is clicked on

2018-11-02 17:15:39 - [MESSAGE][PASSED] - Object: 'Object Repository/WEB/Login/btn_Login' is clicked on

2018-11-02 17:15:39 - [TEST_STEP][PASSED] - waitForPageLoad: Wait for page load successfully

2018-11-02 17:15:39 - [MESSAGE][PASSED] - Wait for page load successfully

2018-11-02 17:15:39 - [MESSAGE][PASSED] - Call Test Case 'Test Cases/Common/WEB/General/Login' successfully

2018-11-02 17:15:39 - [MESSAGE][PASSED] - Method 'SetUp' complete successfully

2018-11-02 17:15:39 - [TEST_STEP][PASSED] - Statement - For ([i = 1, i <= _totalRow, (i++)]): Call Test Case 'Test Cases/Features/WEB/Main/WTC_LOG-002-Sub-Access to Features' successfully

2018-11-02 17:15:39 - [TEST_STEP][PASSED] - Statement - If (true): pdi.Utilities.getDataRow is PASSED

2018-11-02 17:15:39 - [TEST_STEP][PASSED] - Statement - _data = CustomKeywords.pdi.Utilities.getDataRow(_testData, i): pdi.Utilities.getDataRow is PASSED

2018-11-02 17:15:39 - [MESSAGE][PASSED] - pdi.Utilities.getDataRow is PASSED

2018-11-02 17:15:39 - [TEST_STEP][PASSED] - Statement - If (true): Call Test Case 'Test Cases/Features/WEB/Main/WTC_LOG-002-Sub-Access to Features' successfully

2018-11-02 17:15:39 - [TEST_STEP][PASSED] - callTestCase: Call Test Case 'Test Cases/Features/WEB/Main/WTC_LOG-002-Sub-Access to Features' successfully

2018-11-02 17:15:39 - [TEST_CASE][PASSED] - Test Cases/Features/WEB/Main/WTC_LOG-002-Sub-Access to Features: Test Cases/Features/WEB/Main/WTC_LOG-002-Sub-Access to Features

2018-11-02 17:15:39 - [TEST_STEP][PASSED] - Statement - If (true): Call Test Case 'Test Cases/Common/WEB/General/Select menu' successfully

2018-11-02 17:15:39 - [TEST_STEP][PASSED] - callTestCase: Call Test Case 'Test Cases/Common/WEB/General/Select menu' successfully

2018-11-02 17:15:39 - [TEST_CASE][PASSED] - Test Cases/Common/WEB/General/Select menu: Test Cases/Common/WEB/General/Select menu

2018-11-02 17:15:39 - [TEST_STEP][PASSED] - Statement - _listItems = p_MenuItems.split(">"): null

2018-11-02 17:15:39 - [TEST_STEP][PASSED] - click: Object: 'Object Repository/WEB/General/By_Id' is clicked on

2018-11-02 17:15:39 - [MESSAGE][PASSED] - Object: 'Object Repository/WEB/General/By_Id' is clicked on

2018-11-02 17:15:39 - [TEST_STEP][PASSED] - Statement - For ([i = 1, i < _listItems.size(), (i++)]): Object: 'Object Repository/WEB/Main/mnu_Item' is hovered

2018-11-02 17:15:39 - [TEST_STEP][PASSED] - waitForElementVisible: Object 'Object Repository/WEB/Main/mnu_Item' is visible

2018-11-02 17:15:39 - [MESSAGE][PASSED] - Object 'Object Repository/WEB/Main/mnu_Item' is visible

2018-11-02 17:15:39 - [TEST_STEP][PASSED] - mouseOver: Object: 'Object Repository/WEB/Main/mnu_Item' is hovered

2018-11-02 17:15:40 - [MESSAGE][PASSED] - Object: 'Object Repository/WEB/Main/mnu_Item' is hovered

2018-11-02 17:15:40 - [TEST_STEP][PASSED] - waitForElementVisible: Object 'Object Repository/WEB/Main/mnu_Item' is visible

2018-11-02 17:15:40 - [MESSAGE][PASSED] - Object 'Object Repository/WEB/Main/mnu_Item' is visible

2018-11-02 17:15:40 - [TEST_STEP][PASSED] - mouseOver: Object: 'Object Repository/WEB/Main/mnu_Item' is hovered

2018-11-02 17:15:40 - [MESSAGE][PASSED] - Object: 'Object Repository/WEB/Main/mnu_Item' is hovered

2018-11-02 17:15:40 - [TEST_STEP][PASSED] - click: Object: 'Object Repository/WEB/Main/mnu_Item' is clicked on

2018-11-02 17:15:45 - [MESSAGE][PASSED] - Object: 'Object Repository/WEB/Main/mnu_Item' is clicked on

2018-11-02 17:15:45 - [TEST_STEP][PASSED] - waitForPageLoad: Wait for page load successfully

2018-11-02 17:15:45 - [MESSAGE][PASSED] - Wait for page load successfully

2018-11-02 17:15:45 - [MESSAGE][PASSED] - Call Test Case 'Test Cases/Common/WEB/General/Select menu' successfully

2018-11-02 17:15:45 - [TEST_STEP][PASSED] - Statement - If (true): Actual object 'TANK MAINTENANCE' and expected object 'TANK MAINTENANCE' are equal

2018-11-02 17:15:45 - [TEST_STEP][PASSED] - verifyEqual: Actual object 'TANK MAINTENANCE' and expected object 'TANK MAINTENANCE' are equal

2018-11-02 17:15:45 - [MESSAGE][PASSED] - Current window's title is: 'TANK MAINTENANCE'

2018-11-02 17:15:45 - [MESSAGE][PASSED] - Actual object 'TANK MAINTENANCE' and expected object 'TANK MAINTENANCE' are equal

2018-11-02 17:15:45 - [MESSAGE][PASSED] - Call Test Case 'Test Cases/Features/WEB/Main/WTC_LOG-002-Sub-Access to Features' successfully

2018-11-02 17:15:45 - [TEST_STEP][PASSED] - Start tear down : TearDown: Method 'TearDown' complete successfully

2018-11-02 17:15:45 - [TEST_STEP][PASSED] - closeBrowser: Browser is closed

2018-11-02 17:15:47 - [MESSAGE][PASSED] - Browser is closed

2018-11-02 17:15:47 - [MESSAGE][PASSED] - Method 'TearDown' complete successfully

2018-11-02 17:15:47 - [TEST_STEP][PASSED] - Start listener action : sampleAfterTestCase: Call Test Case 'Test Cases/Common/API/GoogleSheet/Update result to GoogleSheet' successfully

2018-11-02 17:15:47 - [TEST_STEP][PASSED] - Statement - If (UploadTestStatus): Call Test Case 'Test Cases/Common/API/GoogleSheet/Update result to GoogleSheet' successfully

2018-11-02 17:15:47 - [TEST_STEP][PASSED] - Statement - testCaseName = testCaseContext.getTestCaseId().toString().split("/").last(): null

2018-11-02 17:15:47 - [TEST_STEP][PASSED] - Statement - testCaseStatus = testCaseContext.getTestCaseStatus(): null

2018-11-02 17:15:47 - [TEST_STEP][PASSED] - Statement - millis = java.lang.System.currentTimeMillis() - startTime: null

2018-11-02 17:15:47 - [TEST_STEP][PASSED] - Statement - seconds = millis / 1000: null

2018-11-02 17:15:47 - [TEST_STEP][PASSED] - Statement - duration = java.lang.String.format("%02d:%02d:%02d.%03d", millis / 3600000, seconds % 3600 / 60, seconds % 60, millis % 1000): null

2018-11-02 17:15:47 - [TEST_STEP][PASSED] - callTestCase: Call Test Case 'Test Cases/Common/API/GoogleSheet/Update result to GoogleSheet' successfully

2018-11-02 17:15:47 - [TEST_CASE][PASSED] - Test Cases/Common/API/GoogleSheet/Update result to GoogleSheet: Test Cases/Common/API/GoogleSheet/Update result to GoogleSheet

2018-11-02 17:15:47 - [TEST_STEP][PASSED] - Statement - jsonSlurper = new groovy.json.JsonSlurper(): null

2018-11-02 17:15:47 - [TEST_STEP][PASSED] - Statement - _data = CustomKeywords.pdi.Utilities.getDataRow(com.kms.katalon.core.testdata.TestDataFactory.findTestData(Data Files/API/GoogleSheet), 1): pdi.Utilities.getDataRow is PASSED

2018-11-02 17:15:47 - [MESSAGE][PASSED] - pdi.Utilities.getDataRow is PASSED

2018-11-02 17:15:47 - [TEST_STEP][PASSED] - Statement - _paramsBody = java.lang.String.format("client_id=%s&client_secret=%s&refresh_token=%s&grant_type=refresh_token", _data["client_id"], _data["client_secret"], _data["refresh_token"]): null

2018-11-02 17:15:47 - [TEST_STEP][PASSED] - Statement - If (true): null

2018-11-02 17:15:47 - [TEST_STEP][PASSED] - Statement - response_GoogleAccessToken = com.kms.katalon.core.webservice.keyword.WSBuiltInKeywords.sendRequest(com.kms.katalon.core.testobject.ObjectRepository.findTestObject(API/GoogleSheet/POST_Get GoogleSheet Access Token, [p_Body:_paramsBody])): Send request successfully

2018-11-02 17:15:47 - [MESSAGE][PASSED] - Send request successfully

2018-11-02 17:15:47 - [TEST_STEP][PASSED] - Statement - _accessToken = access_token: null

2018-11-02 17:15:47 - [TEST_STEP][PASSED] - Statement - If (true): null

2018-11-02 17:15:47 - [TEST_STEP][PASSED] - Statement - response_ListTCs = com.kms.katalon.core.webservice.keyword.WSBuiltInKeywords.sendRequest(com.kms.katalon.core.testobject.ObjectRepository.findTestObject(API/GoogleSheet/GET_Get list test cases, [p_Spreadsheet_Id:_data[spreadsheet_id], p_SheetName:internal.GlobalVariable.SheetName, p_Authorization:(Bearer  + _accessToken)])): Send request successfully

2018-11-02 17:15:48 - [MESSAGE][PASSED] - Send request successfully

2018-11-02 17:15:48 - [TEST_STEP][PASSED] - Statement - _listTC = []: null

2018-11-02 17:15:48 - [TEST_STEP][PASSED] - Statement - json_ListTCs = jsonSlurper.parseText(response_ListTCs.getResponseText()): null

2018-11-02 17:15:48 - [TEST_STEP][PASSED] - Statement - For (def TCName : values): null

2018-11-02 17:15:48 - [TEST_STEP][PASSED] - Statement - _listTC.add(TCName[0].toString()): null

2018-11-02 17:15:48 - [TEST_STEP][PASSED] - Statement - _listTC.add(TCName[0].toString()): null

2018-11-02 17:15:48 - [TEST_STEP][PASSED] - Statement - _listTC.add(TCName[0].toString()): null

2018-11-02 17:15:48 - [TEST_STEP][PASSED] - Statement - _listTC.add(TCName[0].toString()): null

2018-11-02 17:15:48 - [TEST_STEP][PASSED] - Statement - _listTC.add(TCName[0].toString()): null

2018-11-02 17:15:48 - [TEST_STEP][PASSED] - Statement - _listTC.add(TCName[0].toString()): null

2018-11-02 17:15:48 - [TEST_STEP][PASSED] - Statement - _listTC.add(TCName[0].toString()): null

2018-11-02 17:15:48 - [TEST_STEP][PASSED] - Statement - _listTC.add(TCName[0].toString()): null

2018-11-02 17:15:48 - [TEST_STEP][PASSED] - Statement - _listTC.add(TCName[0].toString()): null

2018-11-02 17:15:48 - [TEST_STEP][PASSED] - Statement - _listTC.add(TCName[0].toString()): null

2018-11-02 17:15:48 - [TEST_STEP][PASSED] - Statement - _listTC.add(TCName[0].toString()): null

2018-11-02 17:15:48 - [TEST_STEP][PASSED] - Statement - _listTC.add(TCName[0].toString()): null

2018-11-02 17:15:48 - [TEST_STEP][PASSED] - Statement - If (true): Send request successfully

2018-11-02 17:15:48 - [TEST_STEP][PASSED] - Statement - If (_listTC.contains(p_TCName)): null

2018-11-02 17:15:48 - [TEST_STEP][PASSED] - Statement - Else: Send request successfully

2018-11-02 17:15:48 - [TEST_STEP][PASSED] - Statement - foundIndex = _listTC.size() + 1: null

2018-11-02 17:15:48 - [TEST_STEP][PASSED] - sendRequest: Send request successfully

2018-11-02 17:15:48 - [MESSAGE][PASSED] - Send request successfully

2018-11-02 17:15:48 - [TEST_STEP][PASSED] - Statement - rangeValues = java.lang.String.format("%s","%s","%s","","%s", p_CurrentBuild, p_StartTime, p_Duration, p_TCStatus): null

2018-11-02 17:15:48 - [TEST_STEP][PASSED] - sendRequest: Send request successfully

2018-11-02 17:15:49 - [MESSAGE][PASSED] - Send request successfully

2018-11-02 17:15:49 - [MESSAGE][PASSED] - Call Test Case 'Test Cases/Common/API/GoogleSheet/Update result to GoogleSheet' successfully]]></system-out>
         <system-err><![CDATA[]]></system-err>
      </testcase>
      <testcase name="Test Cases/Features/WEB/Main/WTC_LOG-003-Test Case FAILED" classname="Test Cases/Features/WEB/Main/WTC_LOG-003-Test Case FAILED" status="ERROR">
         <error type="ERROR" message="Test Cases/Features/WEB/Main/WTC_LOG-003-Test Case FAILED FAILED because (of) (Stack trace: com.kms.katalon.core.exception.StepErrorException: ERROR test case
	at com.kms.katalon.core.util.KeywordUtil.markError(KeywordUtil.java:61)
	at com.kms.katalon.core.util.KeywordUtil$markError.call(Unknown Source)
	at org.codehaus.groovy.runtime.callsite.CallSiteArray.defaultCall(CallSiteArray.java:48)
	at org.codehaus.groovy.runtime.callsite.AbstractCallSite.call(AbstractCallSite.java:113)
	at org.codehaus.groovy.runtime.callsite.AbstractCallSite.call(AbstractCallSite.java:125)
	at Script1541123294178.run(Script1541123294178.groovy:5)
	at com.kms.katalon.core.main.ScriptEngine.run(ScriptEngine.java:183)
	at com.kms.katalon.core.main.ScriptEngine.runScriptAsRawText(ScriptEngine.java:108)
	at com.kms.katalon.core.main.TestCaseExecutor.runScript(TestCaseExecutor.java:294)
	at com.kms.katalon.core.main.TestCaseExecutor.doExecute(TestCaseExecutor.java:285)
	at com.kms.katalon.core.main.TestCaseExecutor.processExecutionPhase(TestCaseExecutor.java:264)
	at com.kms.katalon.core.main.TestCaseExecutor.accessMainPhase(TestCaseExecutor.java:256)
	at com.kms.katalon.core.main.TestCaseExecutor.execute(TestCaseExecutor.java:200)
	at com.kms.katalon.core.main.TestSuiteExecutor.accessTestCaseMainPhase(TestSuiteExecutor.java:129)
	at com.kms.katalon.core.main.TestSuiteExecutor.accessTestSuiteMainPhase(TestSuiteExecutor.java:112)
	at com.kms.katalon.core.main.TestSuiteExecutor.execute(TestSuiteExecutor.java:81)
	at com.kms.katalon.core.main.TestCaseMain.startTestSuite(TestCaseMain.java:142)
	at com.kms.katalon.core.main.TestCaseMain$startTestSuite$0.call(Unknown Source)
	at org.codehaus.groovy.runtime.callsite.CallSiteArray.defaultCall(CallSiteArray.java:48)
	at org.codehaus.groovy.runtime.callsite.AbstractCallSite.call(AbstractCallSite.java:113)
	at org.codehaus.groovy.runtime.callsite.AbstractCallSite.call(AbstractCallSite.java:141)
	at TempTestSuite1541153648523.run(TempTestSuite1541153648523.groovy:36)
	at groovy.lang.GroovyShell.runScriptOrMainOrTestOrRunnable(GroovyShell.java:263)
	at groovy.lang.GroovyShell.run(GroovyShell.java:518)
	at groovy.lang.GroovyShell.run(GroovyShell.java:507)
	at groovy.ui.GroovyMain.processOnce(GroovyMain.java:653)
	at groovy.ui.GroovyMain.run(GroovyMain.java:384)
	at groovy.ui.GroovyMain.process(GroovyMain.java:370)
	at groovy.ui.GroovyMain.processArgs(GroovyMain.java:129)
	at groovy.ui.GroovyMain.main(GroovyMain.java:109)
	at sun.reflect.NativeMethodAccessorImpl.invoke0(Native Method)
	at sun.reflect.NativeMethodAccessorImpl.invoke(NativeMethodAccessorImpl.java:62)
	at sun.reflect.DelegatingMethodAccessorImpl.invoke(DelegatingMethodAccessorImpl.java:43)
	at java.lang.reflect.Method.invoke(Method.java:498)
	at org.codehaus.groovy.tools.GroovyStarter.rootLoader(GroovyStarter.java:109)
	at org.codehaus.groovy.tools.GroovyStarter.main(GroovyStarter.java:131)
)"/>
         <system-out><![CDATA[2018-11-02 17:15:49 - [TEST_CASE][ERROR] - Test Cases/Features/WEB/Main/WTC_LOG-003-Test Case FAILED: Test Cases/Features/WEB/Main/WTC_LOG-003-Test Case FAILED FAILED because (of) (Stack trace: com.kms.katalon.core.exception.StepErrorException: ERROR test case
	at com.kms.katalon.core.util.KeywordUtil.markError(KeywordUtil.java:61)
	at com.kms.katalon.core.util.KeywordUtil$markError.call(Unknown Source)
	at org.codehaus.groovy.runtime.callsite.CallSiteArray.defaultCall(CallSiteArray.java:48)
	at org.codehaus.groovy.runtime.callsite.AbstractCallSite.call(AbstractCallSite.java:113)
	at org.codehaus.groovy.runtime.callsite.AbstractCallSite.call(AbstractCallSite.java:125)
	at Script1541123294178.run(Script1541123294178.groovy:5)
	at com.kms.katalon.core.main.ScriptEngine.run(ScriptEngine.java:183)
	at com.kms.katalon.core.main.ScriptEngine.runScriptAsRawText(ScriptEngine.java:108)
	at com.kms.katalon.core.main.TestCaseExecutor.runScript(TestCaseExecutor.java:294)
	at com.kms.katalon.core.main.TestCaseExecutor.doExecute(TestCaseExecutor.java:285)
	at com.kms.katalon.core.main.TestCaseExecutor.processExecutionPhase(TestCaseExecutor.java:264)
	at com.kms.katalon.core.main.TestCaseExecutor.accessMainPhase(TestCaseExecutor.java:256)
	at com.kms.katalon.core.main.TestCaseExecutor.execute(TestCaseExecutor.java:200)
	at com.kms.katalon.core.main.TestSuiteExecutor.accessTestCaseMainPhase(TestSuiteExecutor.java:129)
	at com.kms.katalon.core.main.TestSuiteExecutor.accessTestSuiteMainPhase(TestSuiteExecutor.java:112)
	at com.kms.katalon.core.main.TestSuiteExecutor.execute(TestSuiteExecutor.java:81)
	at com.kms.katalon.core.main.TestCaseMain.startTestSuite(TestCaseMain.java:142)
	at com.kms.katalon.core.main.TestCaseMain$startTestSuite$0.call(Unknown Source)
	at org.codehaus.groovy.runtime.callsite.CallSiteArray.defaultCall(CallSiteArray.java:48)
	at org.codehaus.groovy.runtime.callsite.AbstractCallSite.call(AbstractCallSite.java:113)
	at org.codehaus.groovy.runtime.callsite.AbstractCallSite.call(AbstractCallSite.java:141)
	at TempTestSuite1541153648523.run(TempTestSuite1541153648523.groovy:36)
	at groovy.lang.GroovyShell.runScriptOrMainOrTestOrRunnable(GroovyShell.java:263)
	at groovy.lang.GroovyShell.run(GroovyShell.java:518)
	at groovy.lang.GroovyShell.run(GroovyShell.java:507)
	at groovy.ui.GroovyMain.processOnce(GroovyMain.java:653)
	at groovy.ui.GroovyMain.run(GroovyMain.java:384)
	at groovy.ui.GroovyMain.process(GroovyMain.java:370)
	at groovy.ui.GroovyMain.processArgs(GroovyMain.java:129)
	at groovy.ui.GroovyMain.main(GroovyMain.java:109)
	at sun.reflect.NativeMethodAccessorImpl.invoke0(Native Method)
	at sun.reflect.NativeMethodAccessorImpl.invoke(NativeMethodAccessorImpl.java:62)
	at sun.reflect.DelegatingMethodAccessorImpl.invoke(DelegatingMethodAccessorImpl.java:43)
	at java.lang.reflect.Method.invoke(Method.java:498)
	at org.codehaus.groovy.tools.GroovyStarter.rootLoader(GroovyStarter.java:109)
	at org.codehaus.groovy.tools.GroovyStarter.main(GroovyStarter.java:131)
)

2018-11-02 17:15:49 - [TEST_STEP][PASSED] - Start listener action : sampleBeforeTestCase: Invoke 'com.kms.katalon.core.annotation.BeforeTestCase' method: 'Tests.sampleBeforeTestCase(...)' completed.

2018-11-02 17:15:49 - [TEST_STEP][PASSED] - Statement - startDate = CustomKeywords.pdi.Utilities.getUnique("yyyy/MM/dd HH:mm:ss"): pdi.Utilities.getUnique is PASSED

2018-11-02 17:15:49 - [MESSAGE][PASSED] - pdi.Utilities.getUnique is PASSED

2018-11-02 17:15:49 - [TEST_STEP][PASSED] - Statement - startTime = java.lang.System.currentTimeMillis(): Invoke 'com.kms.katalon.core.annotation.BeforeTestCase' method: 'Tests.sampleBeforeTestCase(...)' completed.

2018-11-02 17:15:49 - [TEST_STEP][PASSED] - delay: Delayed 4 second(s)

2018-11-02 17:15:53 - [MESSAGE][PASSED] - Delayed 4 second(s)

2018-11-02 17:15:53 - [TEST_STEP][PASSED] - Statement - com.kms.katalon.core.util.KeywordUtil.markError("ERROR test case"): null

2018-11-02 17:15:53 - [TEST_STEP][PASSED] - Start listener action : sampleAfterTestCase: Call Test Case 'Test Cases/Common/API/GoogleSheet/Update result to GoogleSheet' successfully

2018-11-02 17:15:53 - [TEST_STEP][PASSED] - Statement - If (UploadTestStatus): Call Test Case 'Test Cases/Common/API/GoogleSheet/Update result to GoogleSheet' successfully

2018-11-02 17:15:53 - [TEST_STEP][PASSED] - Statement - testCaseName = testCaseContext.getTestCaseId().toString().split("/").last(): null

2018-11-02 17:15:53 - [TEST_STEP][PASSED] - Statement - testCaseStatus = testCaseContext.getTestCaseStatus(): null

2018-11-02 17:15:53 - [TEST_STEP][PASSED] - Statement - millis = java.lang.System.currentTimeMillis() - startTime: null

2018-11-02 17:15:53 - [TEST_STEP][PASSED] - Statement - seconds = millis / 1000: null

2018-11-02 17:15:53 - [TEST_STEP][PASSED] - Statement - duration = java.lang.String.format("%02d:%02d:%02d.%03d", millis / 3600000, seconds % 3600 / 60, seconds % 60, millis % 1000): null

2018-11-02 17:15:53 - [TEST_STEP][PASSED] - callTestCase: Call Test Case 'Test Cases/Common/API/GoogleSheet/Update result to GoogleSheet' successfully

2018-11-02 17:15:53 - [TEST_CASE][PASSED] - Test Cases/Common/API/GoogleSheet/Update result to GoogleSheet: Test Cases/Common/API/GoogleSheet/Update result to GoogleSheet

2018-11-02 17:15:53 - [TEST_STEP][PASSED] - Statement - jsonSlurper = new groovy.json.JsonSlurper(): null

2018-11-02 17:15:53 - [TEST_STEP][PASSED] - Statement - _data = CustomKeywords.pdi.Utilities.getDataRow(com.kms.katalon.core.testdata.TestDataFactory.findTestData(Data Files/API/GoogleSheet), 1): pdi.Utilities.getDataRow is PASSED

2018-11-02 17:15:53 - [MESSAGE][PASSED] - pdi.Utilities.getDataRow is PASSED

2018-11-02 17:15:53 - [TEST_STEP][PASSED] - Statement - _paramsBody = java.lang.String.format("client_id=%s&client_secret=%s&refresh_token=%s&grant_type=refresh_token", _data["client_id"], _data["client_secret"], _data["refresh_token"]): null

2018-11-02 17:15:53 - [TEST_STEP][PASSED] - Statement - If (true): null

2018-11-02 17:15:53 - [TEST_STEP][PASSED] - Statement - response_GoogleAccessToken = com.kms.katalon.core.webservice.keyword.WSBuiltInKeywords.sendRequest(com.kms.katalon.core.testobject.ObjectRepository.findTestObject(API/GoogleSheet/POST_Get GoogleSheet Access Token, [p_Body:_paramsBody])): Send request successfully

2018-11-02 17:15:56 - [MESSAGE][PASSED] - Send request successfully

2018-11-02 17:15:56 - [TEST_STEP][PASSED] - Statement - _accessToken = access_token: null

2018-11-02 17:15:56 - [TEST_STEP][PASSED] - Statement - If (true): null

2018-11-02 17:15:56 - [TEST_STEP][PASSED] - Statement - response_ListTCs = com.kms.katalon.core.webservice.keyword.WSBuiltInKeywords.sendRequest(com.kms.katalon.core.testobject.ObjectRepository.findTestObject(API/GoogleSheet/GET_Get list test cases, [p_Spreadsheet_Id:_data[spreadsheet_id], p_SheetName:internal.GlobalVariable.SheetName, p_Authorization:(Bearer  + _accessToken)])): Send request successfully

2018-11-02 17:15:57 - [MESSAGE][PASSED] - Send request successfully

2018-11-02 17:15:57 - [TEST_STEP][PASSED] - Statement - _listTC = []: null

2018-11-02 17:15:57 - [TEST_STEP][PASSED] - Statement - json_ListTCs = jsonSlurper.parseText(response_ListTCs.getResponseText()): null

2018-11-02 17:15:57 - [TEST_STEP][PASSED] - Statement - For (def TCName : values): null

2018-11-02 17:15:57 - [TEST_STEP][PASSED] - Statement - _listTC.add(TCName[0].toString()): null

2018-11-02 17:15:57 - [TEST_STEP][PASSED] - Statement - _listTC.add(TCName[0].toString()): null

2018-11-02 17:15:57 - [TEST_STEP][PASSED] - Statement - _listTC.add(TCName[0].toString()): null

2018-11-02 17:15:57 - [TEST_STEP][PASSED] - Statement - _listTC.add(TCName[0].toString()): null

2018-11-02 17:15:57 - [TEST_STEP][PASSED] - Statement - _listTC.add(TCName[0].toString()): null

2018-11-02 17:15:57 - [TEST_STEP][PASSED] - Statement - _listTC.add(TCName[0].toString()): null

2018-11-02 17:15:57 - [TEST_STEP][PASSED] - Statement - _listTC.add(TCName[0].toString()): null

2018-11-02 17:15:57 - [TEST_STEP][PASSED] - Statement - _listTC.add(TCName[0].toString()): null

2018-11-02 17:15:57 - [TEST_STEP][PASSED] - Statement - _listTC.add(TCName[0].toString()): null

2018-11-02 17:15:57 - [TEST_STEP][PASSED] - Statement - _listTC.add(TCName[0].toString()): null

2018-11-02 17:15:57 - [TEST_STEP][PASSED] - Statement - _listTC.add(TCName[0].toString()): null

2018-11-02 17:15:57 - [TEST_STEP][PASSED] - Statement - _listTC.add(TCName[0].toString()): null

2018-11-02 17:15:57 - [TEST_STEP][PASSED] - Statement - _listTC.add(TCName[0].toString()): null

2018-11-02 17:15:57 - [TEST_STEP][PASSED] - Statement - If (true): Send request successfully

2018-11-02 17:15:57 - [TEST_STEP][PASSED] - Statement - If (_listTC.contains(p_TCName)): null

2018-11-02 17:15:57 - [TEST_STEP][PASSED] - Statement - Else: Send request successfully

2018-11-02 17:15:57 - [TEST_STEP][PASSED] - Statement - foundIndex = _listTC.size() + 1: null

2018-11-02 17:15:57 - [TEST_STEP][PASSED] - sendRequest: Send request successfully

2018-11-02 17:15:58 - [MESSAGE][PASSED] - Send request successfully

2018-11-02 17:15:58 - [TEST_STEP][PASSED] - Statement - rangeValues = java.lang.String.format("%s","%s","%s","","%s", p_CurrentBuild, p_StartTime, p_Duration, p_TCStatus): null

2018-11-02 17:15:58 - [TEST_STEP][PASSED] - sendRequest: Send request successfully

2018-11-02 17:15:58 - [MESSAGE][PASSED] - Send request successfully

2018-11-02 17:15:58 - [MESSAGE][PASSED] - Call Test Case 'Test Cases/Common/API/GoogleSheet/Update result to GoogleSheet' successfully]]></system-out>
         <system-err><![CDATA[2018-11-02 17:15:49 - [TEST_CASE][ERROR] - Test Cases/Features/WEB/Main/WTC_LOG-003-Test Case FAILED: Test Cases/Features/WEB/Main/WTC_LOG-003-Test Case FAILED FAILED because (of) (Stack trace: com.kms.katalon.core.exception.StepErrorException: ERROR test case
	at com.kms.katalon.core.util.KeywordUtil.markError(KeywordUtil.java:61)
	at com.kms.katalon.core.util.KeywordUtil$markError.call(Unknown Source)
	at org.codehaus.groovy.runtime.callsite.CallSiteArray.defaultCall(CallSiteArray.java:48)
	at org.codehaus.groovy.runtime.callsite.AbstractCallSite.call(AbstractCallSite.java:113)
	at org.codehaus.groovy.runtime.callsite.AbstractCallSite.call(AbstractCallSite.java:125)
	at Script1541123294178.run(Script1541123294178.groovy:5)
	at com.kms.katalon.core.main.ScriptEngine.run(ScriptEngine.java:183)
	at com.kms.katalon.core.main.ScriptEngine.runScriptAsRawText(ScriptEngine.java:108)
	at com.kms.katalon.core.main.TestCaseExecutor.runScript(TestCaseExecutor.java:294)
	at com.kms.katalon.core.main.TestCaseExecutor.doExecute(TestCaseExecutor.java:285)
	at com.kms.katalon.core.main.TestCaseExecutor.processExecutionPhase(TestCaseExecutor.java:264)
	at com.kms.katalon.core.main.TestCaseExecutor.accessMainPhase(TestCaseExecutor.java:256)
	at com.kms.katalon.core.main.TestCaseExecutor.execute(TestCaseExecutor.java:200)
	at com.kms.katalon.core.main.TestSuiteExecutor.accessTestCaseMainPhase(TestSuiteExecutor.java:129)
	at com.kms.katalon.core.main.TestSuiteExecutor.accessTestSuiteMainPhase(TestSuiteExecutor.java:112)
	at com.kms.katalon.core.main.TestSuiteExecutor.execute(TestSuiteExecutor.java:81)
	at com.kms.katalon.core.main.TestCaseMain.startTestSuite(TestCaseMain.java:142)
	at com.kms.katalon.core.main.TestCaseMain$startTestSuite$0.call(Unknown Source)
	at org.codehaus.groovy.runtime.callsite.CallSiteArray.defaultCall(CallSiteArray.java:48)
	at org.codehaus.groovy.runtime.callsite.AbstractCallSite.call(AbstractCallSite.java:113)
	at org.codehaus.groovy.runtime.callsite.AbstractCallSite.call(AbstractCallSite.java:141)
	at TempTestSuite1541153648523.run(TempTestSuite1541153648523.groovy:36)
	at groovy.lang.GroovyShell.runScriptOrMainOrTestOrRunnable(GroovyShell.java:263)
	at groovy.lang.GroovyShell.run(GroovyShell.java:518)
	at groovy.lang.GroovyShell.run(GroovyShell.java:507)
	at groovy.ui.GroovyMain.processOnce(GroovyMain.java:653)
	at groovy.ui.GroovyMain.run(GroovyMain.java:384)
	at groovy.ui.GroovyMain.process(GroovyMain.java:370)
	at groovy.ui.GroovyMain.processArgs(GroovyMain.java:129)
	at groovy.ui.GroovyMain.main(GroovyMain.java:109)
	at sun.reflect.NativeMethodAccessorImpl.invoke0(Native Method)
	at sun.reflect.NativeMethodAccessorImpl.invoke(NativeMethodAccessorImpl.java:62)
	at sun.reflect.DelegatingMethodAccessorImpl.invoke(DelegatingMethodAccessorImpl.java:43)
	at java.lang.reflect.Method.invoke(Method.java:498)
	at org.codehaus.groovy.tools.GroovyStarter.rootLoader(GroovyStarter.java:109)
	at org.codehaus.groovy.tools.GroovyStarter.main(GroovyStarter.java:131)
)]]></system-err>
      </testcase>
      <testcase name="Test Cases/Features/WEB/Main/WTC_LOG-004-Test Case ERROR" classname="Test Cases/Features/WEB/Main/WTC_LOG-004-Test Case ERROR" status="FAILED">
         <failure type="FAILED" message="(Stack trace: com.kms.katalon.core.exception.StepFailedException: FAILED test case
	at com.kms.katalon.core.util.KeywordUtil.markFailed(KeywordUtil.java:15)
	at com.kms.katalon.core.util.KeywordUtil$markFailed$0.call(Unknown Source)
	at org.codehaus.groovy.runtime.callsite.CallSiteArray.defaultCall(CallSiteArray.java:48)
	at org.codehaus.groovy.runtime.callsite.AbstractCallSite.call(AbstractCallSite.java:113)
	at org.codehaus.groovy.runtime.callsite.AbstractCallSite.call(AbstractCallSite.java:125)
	at Script1541123906759.run(Script1541123906759.groovy:5)
	at com.kms.katalon.core.main.ScriptEngine.run(ScriptEngine.java:183)
	at com.kms.katalon.core.main.ScriptEngine.runScriptAsRawText(ScriptEngine.java:108)
	at com.kms.katalon.core.main.TestCaseExecutor.runScript(TestCaseExecutor.java:294)
	at com.kms.katalon.core.main.TestCaseExecutor.doExecute(TestCaseExecutor.java:285)
	at com.kms.katalon.core.main.TestCaseExecutor.processExecutionPhase(TestCaseExecutor.java:264)
	at com.kms.katalon.core.main.TestCaseExecutor.accessMainPhase(TestCaseExecutor.java:256)
	at com.kms.katalon.core.main.TestCaseExecutor.execute(TestCaseExecutor.java:200)
	at com.kms.katalon.core.main.TestSuiteExecutor.accessTestCaseMainPhase(TestSuiteExecutor.java:129)
	at com.kms.katalon.core.main.TestSuiteExecutor.accessTestSuiteMainPhase(TestSuiteExecutor.java:112)
	at com.kms.katalon.core.main.TestSuiteExecutor.execute(TestSuiteExecutor.java:81)
	at com.kms.katalon.core.main.TestCaseMain.startTestSuite(TestCaseMain.java:142)
	at com.kms.katalon.core.main.TestCaseMain$startTestSuite$0.call(Unknown Source)
	at org.codehaus.groovy.runtime.callsite.CallSiteArray.defaultCall(CallSiteArray.java:48)
	at org.codehaus.groovy.runtime.callsite.AbstractCallSite.call(AbstractCallSite.java:113)
	at org.codehaus.groovy.runtime.callsite.AbstractCallSite.call(AbstractCallSite.java:141)
	at TempTestSuite1541153648523.run(TempTestSuite1541153648523.groovy:36)
	at groovy.lang.GroovyShell.runScriptOrMainOrTestOrRunnable(GroovyShell.java:263)
	at groovy.lang.GroovyShell.run(GroovyShell.java:518)
	at groovy.lang.GroovyShell.run(GroovyShell.java:507)
	at groovy.ui.GroovyMain.processOnce(GroovyMain.java:653)
	at groovy.ui.GroovyMain.run(GroovyMain.java:384)
	at groovy.ui.GroovyMain.process(GroovyMain.java:370)
	at groovy.ui.GroovyMain.processArgs(GroovyMain.java:129)
	at groovy.ui.GroovyMain.main(GroovyMain.java:109)
	at sun.reflect.NativeMethodAccessorImpl.invoke0(Native Method)
	at sun.reflect.NativeMethodAccessorImpl.invoke(NativeMethodAccessorImpl.java:62)
	at sun.reflect.DelegatingMethodAccessorImpl.invoke(DelegatingMethodAccessorImpl.java:43)
	at java.lang.reflect.Method.invoke(Method.java:498)
	at org.codehaus.groovy.tools.GroovyStarter.rootLoader(GroovyStarter.java:109)
	at org.codehaus.groovy.tools.GroovyStarter.main(GroovyStarter.java:131)
)"/>
         <system-out><![CDATA[2018-11-02 17:15:58 - [TEST_CASE][FAILED] - Test Cases/Features/WEB/Main/WTC_LOG-004-Test Case ERROR: Test Cases/Features/WEB/Main/WTC_LOG-004-Test Case ERROR FAILED because (of) (Stack trace: com.kms.katalon.core.exception.StepFailedException: FAILED test case
	at com.kms.katalon.core.util.KeywordUtil.markFailed(KeywordUtil.java:15)
	at com.kms.katalon.core.util.KeywordUtil$markFailed$0.call(Unknown Source)
	at org.codehaus.groovy.runtime.callsite.CallSiteArray.defaultCall(CallSiteArray.java:48)
	at org.codehaus.groovy.runtime.callsite.AbstractCallSite.call(AbstractCallSite.java:113)
	at org.codehaus.groovy.runtime.callsite.AbstractCallSite.call(AbstractCallSite.java:125)
	at Script1541123906759.run(Script1541123906759.groovy:5)
	at com.kms.katalon.core.main.ScriptEngine.run(ScriptEngine.java:183)
	at com.kms.katalon.core.main.ScriptEngine.runScriptAsRawText(ScriptEngine.java:108)
	at com.kms.katalon.core.main.TestCaseExecutor.runScript(TestCaseExecutor.java:294)
	at com.kms.katalon.core.main.TestCaseExecutor.doExecute(TestCaseExecutor.java:285)
	at com.kms.katalon.core.main.TestCaseExecutor.processExecutionPhase(TestCaseExecutor.java:264)
	at com.kms.katalon.core.main.TestCaseExecutor.accessMainPhase(TestCaseExecutor.java:256)
	at com.kms.katalon.core.main.TestCaseExecutor.execute(TestCaseExecutor.java:200)
	at com.kms.katalon.core.main.TestSuiteExecutor.accessTestCaseMainPhase(TestSuiteExecutor.java:129)
	at com.kms.katalon.core.main.TestSuiteExecutor.accessTestSuiteMainPhase(TestSuiteExecutor.java:112)
	at com.kms.katalon.core.main.TestSuiteExecutor.execute(TestSuiteExecutor.java:81)
	at com.kms.katalon.core.main.TestCaseMain.startTestSuite(TestCaseMain.java:142)
	at com.kms.katalon.core.main.TestCaseMain$startTestSuite$0.call(Unknown Source)
	at org.codehaus.groovy.runtime.callsite.CallSiteArray.defaultCall(CallSiteArray.java:48)
	at org.codehaus.groovy.runtime.callsite.AbstractCallSite.call(AbstractCallSite.java:113)
	at org.codehaus.groovy.runtime.callsite.AbstractCallSite.call(AbstractCallSite.java:141)
	at TempTestSuite1541153648523.run(TempTestSuite1541153648523.groovy:36)
	at groovy.lang.GroovyShell.runScriptOrMainOrTestOrRunnable(GroovyShell.java:263)
	at groovy.lang.GroovyShell.run(GroovyShell.java:518)
	at groovy.lang.GroovyShell.run(GroovyShell.java:507)
	at groovy.ui.GroovyMain.processOnce(GroovyMain.java:653)
	at groovy.ui.GroovyMain.run(GroovyMain.java:384)
	at groovy.ui.GroovyMain.process(GroovyMain.java:370)
	at groovy.ui.GroovyMain.processArgs(GroovyMain.java:129)
	at groovy.ui.GroovyMain.main(GroovyMain.java:109)
	at sun.reflect.NativeMethodAccessorImpl.invoke0(Native Method)
	at sun.reflect.NativeMethodAccessorImpl.invoke(NativeMethodAccessorImpl.java:62)
	at sun.reflect.DelegatingMethodAccessorImpl.invoke(DelegatingMethodAccessorImpl.java:43)
	at java.lang.reflect.Method.invoke(Method.java:498)
	at org.codehaus.groovy.tools.GroovyStarter.rootLoader(GroovyStarter.java:109)
	at org.codehaus.groovy.tools.GroovyStarter.main(GroovyStarter.java:131)
)

2018-11-02 17:15:58 - [TEST_STEP][PASSED] - Start listener action : sampleBeforeTestCase: Invoke 'com.kms.katalon.core.annotation.BeforeTestCase' method: 'Tests.sampleBeforeTestCase(...)' completed.

2018-11-02 17:15:58 - [TEST_STEP][PASSED] - Statement - startDate = CustomKeywords.pdi.Utilities.getUnique("yyyy/MM/dd HH:mm:ss"): pdi.Utilities.getUnique is PASSED

2018-11-02 17:15:58 - [MESSAGE][PASSED] - pdi.Utilities.getUnique is PASSED

2018-11-02 17:15:58 - [TEST_STEP][PASSED] - Statement - startTime = java.lang.System.currentTimeMillis(): Invoke 'com.kms.katalon.core.annotation.BeforeTestCase' method: 'Tests.sampleBeforeTestCase(...)' completed.

2018-11-02 17:15:58 - [TEST_STEP][PASSED] - delay: Delayed 3 second(s)

2018-11-02 17:16:01 - [MESSAGE][PASSED] - Delayed 3 second(s)

2018-11-02 17:16:01 - [TEST_STEP][PASSED] - Statement - com.kms.katalon.core.util.KeywordUtil.markFailed("FAILED test case"): null

2018-11-02 17:16:01 - [TEST_STEP][PASSED] - Start listener action : sampleAfterTestCase: Call Test Case 'Test Cases/Common/API/GoogleSheet/Update result to GoogleSheet' successfully

2018-11-02 17:16:01 - [TEST_STEP][PASSED] - Statement - If (UploadTestStatus): Call Test Case 'Test Cases/Common/API/GoogleSheet/Update result to GoogleSheet' successfully

2018-11-02 17:16:01 - [TEST_STEP][PASSED] - Statement - testCaseName = testCaseContext.getTestCaseId().toString().split("/").last(): null

2018-11-02 17:16:01 - [TEST_STEP][PASSED] - Statement - testCaseStatus = testCaseContext.getTestCaseStatus(): null

2018-11-02 17:16:01 - [TEST_STEP][PASSED] - Statement - millis = java.lang.System.currentTimeMillis() - startTime: null

2018-11-02 17:16:01 - [TEST_STEP][PASSED] - Statement - seconds = millis / 1000: null

2018-11-02 17:16:01 - [TEST_STEP][PASSED] - Statement - duration = java.lang.String.format("%02d:%02d:%02d.%03d", millis / 3600000, seconds % 3600 / 60, seconds % 60, millis % 1000): null

2018-11-02 17:16:01 - [TEST_STEP][PASSED] - callTestCase: Call Test Case 'Test Cases/Common/API/GoogleSheet/Update result to GoogleSheet' successfully

2018-11-02 17:16:02 - [TEST_CASE][PASSED] - Test Cases/Common/API/GoogleSheet/Update result to GoogleSheet: Test Cases/Common/API/GoogleSheet/Update result to GoogleSheet

2018-11-02 17:16:02 - [TEST_STEP][PASSED] - Statement - jsonSlurper = new groovy.json.JsonSlurper(): null

2018-11-02 17:16:02 - [TEST_STEP][PASSED] - Statement - _data = CustomKeywords.pdi.Utilities.getDataRow(com.kms.katalon.core.testdata.TestDataFactory.findTestData(Data Files/API/GoogleSheet), 1): pdi.Utilities.getDataRow is PASSED

2018-11-02 17:16:02 - [MESSAGE][PASSED] - pdi.Utilities.getDataRow is PASSED

2018-11-02 17:16:02 - [TEST_STEP][PASSED] - Statement - _paramsBody = java.lang.String.format("client_id=%s&client_secret=%s&refresh_token=%s&grant_type=refresh_token", _data["client_id"], _data["client_secret"], _data["refresh_token"]): null

2018-11-02 17:16:02 - [TEST_STEP][PASSED] - Statement - If (true): null

2018-11-02 17:16:02 - [TEST_STEP][PASSED] - Statement - response_GoogleAccessToken = com.kms.katalon.core.webservice.keyword.WSBuiltInKeywords.sendRequest(com.kms.katalon.core.testobject.ObjectRepository.findTestObject(API/GoogleSheet/POST_Get GoogleSheet Access Token, [p_Body:_paramsBody])): Send request successfully

2018-11-02 17:16:02 - [MESSAGE][PASSED] - Send request successfully

2018-11-02 17:16:02 - [TEST_STEP][PASSED] - Statement - _accessToken = access_token: null

2018-11-02 17:16:02 - [TEST_STEP][PASSED] - Statement - If (true): null

2018-11-02 17:16:02 - [TEST_STEP][PASSED] - Statement - response_ListTCs = com.kms.katalon.core.webservice.keyword.WSBuiltInKeywords.sendRequest(com.kms.katalon.core.testobject.ObjectRepository.findTestObject(API/GoogleSheet/GET_Get list test cases, [p_Spreadsheet_Id:_data[spreadsheet_id], p_SheetName:internal.GlobalVariable.SheetName, p_Authorization:(Bearer  + _accessToken)])): Send request successfully

2018-11-02 17:16:03 - [MESSAGE][PASSED] - Send request successfully

2018-11-02 17:16:03 - [TEST_STEP][PASSED] - Statement - _listTC = []: null

2018-11-02 17:16:03 - [TEST_STEP][PASSED] - Statement - json_ListTCs = jsonSlurper.parseText(response_ListTCs.getResponseText()): null

2018-11-02 17:16:03 - [TEST_STEP][PASSED] - Statement - For (def TCName : values): null

2018-11-02 17:16:03 - [TEST_STEP][PASSED] - Statement - _listTC.add(TCName[0].toString()): null

2018-11-02 17:16:03 - [TEST_STEP][PASSED] - Statement - _listTC.add(TCName[0].toString()): null

2018-11-02 17:16:03 - [TEST_STEP][PASSED] - Statement - _listTC.add(TCName[0].toString()): null

2018-11-02 17:16:03 - [TEST_STEP][PASSED] - Statement - _listTC.add(TCName[0].toString()): null

2018-11-02 17:16:03 - [TEST_STEP][PASSED] - Statement - _listTC.add(TCName[0].toString()): null

2018-11-02 17:16:03 - [TEST_STEP][PASSED] - Statement - _listTC.add(TCName[0].toString()): null

2018-11-02 17:16:03 - [TEST_STEP][PASSED] - Statement - _listTC.add(TCName[0].toString()): null

2018-11-02 17:16:03 - [TEST_STEP][PASSED] - Statement - _listTC.add(TCName[0].toString()): null

2018-11-02 17:16:03 - [TEST_STEP][PASSED] - Statement - _listTC.add(TCName[0].toString()): null

2018-11-02 17:16:03 - [TEST_STEP][PASSED] - Statement - _listTC.add(TCName[0].toString()): null

2018-11-02 17:16:03 - [TEST_STEP][PASSED] - Statement - _listTC.add(TCName[0].toString()): null

2018-11-02 17:16:03 - [TEST_STEP][PASSED] - Statement - _listTC.add(TCName[0].toString()): null

2018-11-02 17:16:03 - [TEST_STEP][PASSED] - Statement - _listTC.add(TCName[0].toString()): null

2018-11-02 17:16:03 - [TEST_STEP][PASSED] - Statement - _listTC.add(TCName[0].toString()): null

2018-11-02 17:16:03 - [TEST_STEP][PASSED] - Statement - If (true): Send request successfully

2018-11-02 17:16:03 - [TEST_STEP][PASSED] - Statement - If (_listTC.contains(p_TCName)): null

2018-11-02 17:16:03 - [TEST_STEP][PASSED] - Statement - Else: Send request successfully

2018-11-02 17:16:03 - [TEST_STEP][PASSED] - Statement - foundIndex = _listTC.size() + 1: null

2018-11-02 17:16:03 - [TEST_STEP][PASSED] - sendRequest: Send request successfully

2018-11-02 17:16:03 - [MESSAGE][PASSED] - Send request successfully

2018-11-02 17:16:03 - [TEST_STEP][PASSED] - Statement - rangeValues = java.lang.String.format("%s","%s","%s","","%s", p_CurrentBuild, p_StartTime, p_Duration, p_TCStatus): null

2018-11-02 17:16:03 - [TEST_STEP][PASSED] - sendRequest: Send request successfully

2018-11-02 17:16:04 - [MESSAGE][PASSED] - Send request successfully

2018-11-02 17:16:04 - [MESSAGE][PASSED] - Call Test Case 'Test Cases/Common/API/GoogleSheet/Update result to GoogleSheet' successfully]]></system-out>
         <system-err><![CDATA[2018-11-02 17:15:58 - [TEST_CASE][FAILED] - Test Cases/Features/WEB/Main/WTC_LOG-004-Test Case ERROR: Test Cases/Features/WEB/Main/WTC_LOG-004-Test Case ERROR FAILED because (of) (Stack trace: com.kms.katalon.core.exception.StepFailedException: FAILED test case
	at com.kms.katalon.core.util.KeywordUtil.markFailed(KeywordUtil.java:15)
	at com.kms.katalon.core.util.KeywordUtil$markFailed$0.call(Unknown Source)
	at org.codehaus.groovy.runtime.callsite.CallSiteArray.defaultCall(CallSiteArray.java:48)
	at org.codehaus.groovy.runtime.callsite.AbstractCallSite.call(AbstractCallSite.java:113)
	at org.codehaus.groovy.runtime.callsite.AbstractCallSite.call(AbstractCallSite.java:125)
	at Script1541123906759.run(Script1541123906759.groovy:5)
	at com.kms.katalon.core.main.ScriptEngine.run(ScriptEngine.java:183)
	at com.kms.katalon.core.main.ScriptEngine.runScriptAsRawText(ScriptEngine.java:108)
	at com.kms.katalon.core.main.TestCaseExecutor.runScript(TestCaseExecutor.java:294)
	at com.kms.katalon.core.main.TestCaseExecutor.doExecute(TestCaseExecutor.java:285)
	at com.kms.katalon.core.main.TestCaseExecutor.processExecutionPhase(TestCaseExecutor.java:264)
	at com.kms.katalon.core.main.TestCaseExecutor.accessMainPhase(TestCaseExecutor.java:256)
	at com.kms.katalon.core.main.TestCaseExecutor.execute(TestCaseExecutor.java:200)
	at com.kms.katalon.core.main.TestSuiteExecutor.accessTestCaseMainPhase(TestSuiteExecutor.java:129)
	at com.kms.katalon.core.main.TestSuiteExecutor.accessTestSuiteMainPhase(TestSuiteExecutor.java:112)
	at com.kms.katalon.core.main.TestSuiteExecutor.execute(TestSuiteExecutor.java:81)
	at com.kms.katalon.core.main.TestCaseMain.startTestSuite(TestCaseMain.java:142)
	at com.kms.katalon.core.main.TestCaseMain$startTestSuite$0.call(Unknown Source)
	at org.codehaus.groovy.runtime.callsite.CallSiteArray.defaultCall(CallSiteArray.java:48)
	at org.codehaus.groovy.runtime.callsite.AbstractCallSite.call(AbstractCallSite.java:113)
	at org.codehaus.groovy.runtime.callsite.AbstractCallSite.call(AbstractCallSite.java:141)
	at TempTestSuite1541153648523.run(TempTestSuite1541153648523.groovy:36)
	at groovy.lang.GroovyShell.runScriptOrMainOrTestOrRunnable(GroovyShell.java:263)
	at groovy.lang.GroovyShell.run(GroovyShell.java:518)
	at groovy.lang.GroovyShell.run(GroovyShell.java:507)
	at groovy.ui.GroovyMain.processOnce(GroovyMain.java:653)
	at groovy.ui.GroovyMain.run(GroovyMain.java:384)
	at groovy.ui.GroovyMain.process(GroovyMain.java:370)
	at groovy.ui.GroovyMain.processArgs(GroovyMain.java:129)
	at groovy.ui.GroovyMain.main(GroovyMain.java:109)
	at sun.reflect.NativeMethodAccessorImpl.invoke0(Native Method)
	at sun.reflect.NativeMethodAccessorImpl.invoke(NativeMethodAccessorImpl.java:62)
	at sun.reflect.DelegatingMethodAccessorImpl.invoke(DelegatingMethodAccessorImpl.java:43)
	at java.lang.reflect.Method.invoke(Method.java:498)
	at org.codehaus.groovy.tools.GroovyStarter.rootLoader(GroovyStarter.java:109)
	at org.codehaus.groovy.tools.GroovyStarter.main(GroovyStarter.java:131)
)]]></system-err>
      </testcase>
      <system-out><![CDATA[2018-11-02 17:14:11 - [TEST_SUITE][ERROR] - TS_WebUI: Test Cases/Features/WEB/Main/WTC_LOG-003-Test Case FAILED FAILED because (of) (Stack trace: com.kms.katalon.core.exception.StepErrorException: ERROR test case
	at com.kms.katalon.core.util.KeywordUtil.markError(KeywordUtil.java:61)
	at com.kms.katalon.core.util.KeywordUtil$markError.call(Unknown Source)
	at org.codehaus.groovy.runtime.callsite.CallSiteArray.defaultCall(CallSiteArray.java:48)
	at org.codehaus.groovy.runtime.callsite.AbstractCallSite.call(AbstractCallSite.java:113)
	at org.codehaus.groovy.runtime.callsite.AbstractCallSite.call(AbstractCallSite.java:125)
	at Script1541123294178.run(Script1541123294178.groovy:5)
	at com.kms.katalon.core.main.ScriptEngine.run(ScriptEngine.java:183)
	at com.kms.katalon.core.main.ScriptEngine.runScriptAsRawText(ScriptEngine.java:108)
	at com.kms.katalon.core.main.TestCaseExecutor.runScript(TestCaseExecutor.java:294)
	at com.kms.katalon.core.main.TestCaseExecutor.doExecute(TestCaseExecutor.java:285)
	at com.kms.katalon.core.main.TestCaseExecutor.processExecutionPhase(TestCaseExecutor.java:264)
	at com.kms.katalon.core.main.TestCaseExecutor.accessMainPhase(TestCaseExecutor.java:256)
	at com.kms.katalon.core.main.TestCaseExecutor.execute(TestCaseExecutor.java:200)
	at com.kms.katalon.core.main.TestSuiteExecutor.accessTestCaseMainPhase(TestSuiteExecutor.java:129)
	at com.kms.katalon.core.main.TestSuiteExecutor.accessTestSuiteMainPhase(TestSuiteExecutor.java:112)
	at com.kms.katalon.core.main.TestSuiteExecutor.execute(TestSuiteExecutor.java:81)
	at com.kms.katalon.core.main.TestCaseMain.startTestSuite(TestCaseMain.java:142)
	at com.kms.katalon.core.main.TestCaseMain$startTestSuite$0.call(Unknown Source)
	at org.codehaus.groovy.runtime.callsite.CallSiteArray.defaultCall(CallSiteArray.java:48)
	at org.codehaus.groovy.runtime.callsite.AbstractCallSite.call(AbstractCallSite.java:113)
	at org.codehaus.groovy.runtime.callsite.AbstractCallSite.call(AbstractCallSite.java:141)
	at TempTestSuite1541153648523.run(TempTestSuite1541153648523.groovy:36)
	at groovy.lang.GroovyShell.runScriptOrMainOrTestOrRunnable(GroovyShell.java:263)
	at groovy.lang.GroovyShell.run(GroovyShell.java:518)
	at groovy.lang.GroovyShell.run(GroovyShell.java:507)
	at groovy.ui.GroovyMain.processOnce(GroovyMain.java:653)
	at groovy.ui.GroovyMain.run(GroovyMain.java:384)
	at groovy.ui.GroovyMain.process(GroovyMain.java:370)
	at groovy.ui.GroovyMain.processArgs(GroovyMain.java:129)
	at groovy.ui.GroovyMain.main(GroovyMain.java:109)
	at sun.reflect.NativeMethodAccessorImpl.invoke0(Native Method)
	at sun.reflect.NativeMethodAccessorImpl.invoke(NativeMethodAccessorImpl.java:62)
	at sun.reflect.DelegatingMethodAccessorImpl.invoke(DelegatingMethodAccessorImpl.java:43)
	at java.lang.reflect.Method.invoke(Method.java:498)
	at org.codehaus.groovy.tools.GroovyStarter.rootLoader(GroovyStarter.java:109)
	at org.codehaus.groovy.tools.GroovyStarter.main(GroovyStarter.java:131)
)]]></system-out>
      <system-err><![CDATA[2018-11-02 17:14:11 - [TEST_SUITE][ERROR] - TS_WebUI: Test Cases/Features/WEB/Main/WTC_LOG-003-Test Case FAILED FAILED because (of) (Stack trace: com.kms.katalon.core.exception.StepErrorException: ERROR test case
	at com.kms.katalon.core.util.KeywordUtil.markError(KeywordUtil.java:61)
	at com.kms.katalon.core.util.KeywordUtil$markError.call(Unknown Source)
	at org.codehaus.groovy.runtime.callsite.CallSiteArray.defaultCall(CallSiteArray.java:48)
	at org.codehaus.groovy.runtime.callsite.AbstractCallSite.call(AbstractCallSite.java:113)
	at org.codehaus.groovy.runtime.callsite.AbstractCallSite.call(AbstractCallSite.java:125)
	at Script1541123294178.run(Script1541123294178.groovy:5)
	at com.kms.katalon.core.main.ScriptEngine.run(ScriptEngine.java:183)
	at com.kms.katalon.core.main.ScriptEngine.runScriptAsRawText(ScriptEngine.java:108)
	at com.kms.katalon.core.main.TestCaseExecutor.runScript(TestCaseExecutor.java:294)
	at com.kms.katalon.core.main.TestCaseExecutor.doExecute(TestCaseExecutor.java:285)
	at com.kms.katalon.core.main.TestCaseExecutor.processExecutionPhase(TestCaseExecutor.java:264)
	at com.kms.katalon.core.main.TestCaseExecutor.accessMainPhase(TestCaseExecutor.java:256)
	at com.kms.katalon.core.main.TestCaseExecutor.execute(TestCaseExecutor.java:200)
	at com.kms.katalon.core.main.TestSuiteExecutor.accessTestCaseMainPhase(TestSuiteExecutor.java:129)
	at com.kms.katalon.core.main.TestSuiteExecutor.accessTestSuiteMainPhase(TestSuiteExecutor.java:112)
	at com.kms.katalon.core.main.TestSuiteExecutor.execute(TestSuiteExecutor.java:81)
	at com.kms.katalon.core.main.TestCaseMain.startTestSuite(TestCaseMain.java:142)
	at com.kms.katalon.core.main.TestCaseMain$startTestSuite$0.call(Unknown Source)
	at org.codehaus.groovy.runtime.callsite.CallSiteArray.defaultCall(CallSiteArray.java:48)
	at org.codehaus.groovy.runtime.callsite.AbstractCallSite.call(AbstractCallSite.java:113)
	at org.codehaus.groovy.runtime.callsite.AbstractCallSite.call(AbstractCallSite.java:141)
	at TempTestSuite1541153648523.run(TempTestSuite1541153648523.groovy:36)
	at groovy.lang.GroovyShell.runScriptOrMainOrTestOrRunnable(GroovyShell.java:263)
	at groovy.lang.GroovyShell.run(GroovyShell.java:518)
	at groovy.lang.GroovyShell.run(GroovyShell.java:507)
	at groovy.ui.GroovyMain.processOnce(GroovyMain.java:653)
	at groovy.ui.GroovyMain.run(GroovyMain.java:384)
	at groovy.ui.GroovyMain.process(GroovyMain.java:370)
	at groovy.ui.GroovyMain.processArgs(GroovyMain.java:129)
	at groovy.ui.GroovyMain.main(GroovyMain.java:109)
	at sun.reflect.NativeMethodAccessorImpl.invoke0(Native Method)
	at sun.reflect.NativeMethodAccessorImpl.invoke(NativeMethodAccessorImpl.java:62)
	at sun.reflect.DelegatingMethodAccessorImpl.invoke(DelegatingMethodAccessorImpl.java:43)
	at java.lang.reflect.Method.invoke(Method.java:498)
	at org.codehaus.groovy.tools.GroovyStarter.rootLoader(GroovyStarter.java:109)
	at org.codehaus.groovy.tools.GroovyStarter.main(GroovyStarter.java:131)
)]]></system-err>
   </testsuite>
</testsuites>
