<?xml version="1.0" encoding="UTF-8"?>
<testsuites name="TS_API" time="34" tests="2" failures="1" errors="1">
   <testsuite name="TS_API" tests="2" failures="1" errors="1" time="34" timestamp="2018-11-02 16:52:33" hostname="thangctran - HNDXRS1.kms.com.vn" id="Test Suites/Phase1/TS_API">
      <properties>
         <property name="deviceName" value=""/>
         <property name="devicePlatform" value=""/>
         <property name="logFolder" value="D:\\Self-Study\\Framework\\Demo\\Reports\\Phase1\\TS_API\\20181102_165230"/>
         <property name="logFiles" value="D:\\Self-Study\\Framework\\Demo\\Reports\\Phase1\\TS_API\\20181102_165230\\execution0.log"/>
         <property name="attachments" value=""/>
         <property name="hostName" value="thangctran - HNDXRS1.kms.com.vn"/>
         <property name="hostAddress" value="192.168.50.130"/>
         <property name="os" value="Windows 10 64bit"/>
         <property name="katalonVersion" value="5.8.4.14"/>
      </properties>
      <testcase name="Test Cases/Features/API/Caculator/ATC_CAL-001- Add function" classname="Test Cases/Features/API/Caculator/ATC_CAL-001- Add function" status="PASSED">
         <system-out><![CDATA[2018-11-02 16:52:38 - [TEST_CASE][PASSED] - Test Cases/Features/API/Caculator/ATC_CAL-001- Add function: Test Cases/Features/API/Caculator/ATC_CAL-001- Add function

2018-11-02 16:52:39 - [TEST_STEP][PASSED] - Start listener action : sampleBeforeTestCase: Invoke 'com.kms.katalon.core.annotation.BeforeTestCase' method: 'Tests.sampleBeforeTestCase(...)' completed.

2018-11-02 16:52:39 - [TEST_STEP][PASSED] - Statement - startDate = CustomKeywords.pdi.Utilities.getUnique("yyyy/MM/dd HH:mm:ss"): pdi.Utilities.getUnique is PASSED

2018-11-02 16:52:39 - [MESSAGE][PASSED] - pdi.Utilities.getUnique is PASSED

2018-11-02 16:52:39 - [TEST_STEP][PASSED] - Statement - startTime = java.lang.System.currentTimeMillis(): Invoke 'com.kms.katalon.core.annotation.BeforeTestCase' method: 'Tests.sampleBeforeTestCase(...)' completed.

2018-11-02 16:52:39 - [TEST_STEP][PASSED] - Start setup action : SetUp: Method 'SetUp' complete successfully

2018-11-02 16:52:39 - [TEST_STEP][PASSED] - Statement - If (true): null

2018-11-02 16:52:39 - [TEST_STEP][PASSED] - Statement - _testData = com.kms.katalon.core.testdata.TestDataFactory.findTestData(API/Caculator/ATC_CAL-001- Add function): Reading CSV file with source file 'comma', separator 'containing header' and '{2}'

2018-11-02 16:52:39 - [TEST_STEP][PASSED] - Statement - _totalRow = 1: null

2018-11-02 16:52:39 - [TEST_STEP][PASSED] - Statement - If (SuiteType.toUpperCase().contains("DRIVEN")): null

2018-11-02 16:52:39 - [MESSAGE][PASSED] - Method 'SetUp' complete successfully

2018-11-02 16:52:39 - [TEST_STEP][PASSED] - Statement - xmlSlurper = new groovy.util.XmlSlurper(): null

2018-11-02 16:52:39 - [TEST_STEP][PASSED] - Statement - add_function = <not implemented yet for class: org.codehaus.groovy.ast.expr.EmptyExpression>: null

2018-11-02 16:52:39 - [TEST_STEP][PASSED] - Statement - For ([i = 1, i <= _totalRow, (i++)]): Actual object '36' and expected object '36' are equal

2018-11-02 16:52:39 - [TEST_STEP][PASSED] - Statement - If (true): pdi.Utilities.getDataRow is PASSED

2018-11-02 16:52:39 - [TEST_STEP][PASSED] - Statement - _data = CustomKeywords.pdi.Utilities.getDataRow(_testData, i): pdi.Utilities.getDataRow is PASSED

2018-11-02 16:52:39 - [MESSAGE][PASSED] - pdi.Utilities.getDataRow is PASSED

2018-11-02 16:52:39 - [TEST_STEP][PASSED] - Statement - If (true): Send request successfully

2018-11-02 16:52:39 - [TEST_STEP][PASSED] - Statement - add_function = com.kms.katalon.core.webservice.keyword.WSBuiltInKeywords.sendRequest(com.kms.katalon.core.testobject.ObjectRepository.findTestObject(API/Calculator/SOAP_Add, [p_Number1:_data[number1], p_Number2:_data[number2]])): Send request successfully

2018-11-02 16:52:45 - [MESSAGE][PASSED] - Send request successfully

2018-11-02 16:52:45 - [TEST_STEP][PASSED] - verifyResponseStatusCode: Verify response status code successfully

2018-11-02 16:52:45 - [MESSAGE][PASSED] - Verify response status code successfully

2018-11-02 16:52:45 - [TEST_STEP][PASSED] - verifyElementPropertyValue: Verify element property value successfully

2018-11-02 16:52:45 - [MESSAGE][PASSED] - Verify element property value successfully

2018-11-02 16:52:45 - [TEST_STEP][PASSED] - Statement - If (true): Actual object '36' and expected object '36' are equal

2018-11-02 16:52:45 - [TEST_STEP][PASSED] - Statement - xml_Response = xmlSlurper.parseText(add_function.getResponseText()): null

2018-11-02 16:52:45 - [TEST_STEP][PASSED] - verifyEqual: Actual object '36' and expected object '36' are equal

2018-11-02 16:52:45 - [MESSAGE][PASSED] - Actual object '36' and expected object '36' are equal

2018-11-02 16:52:45 - [TEST_STEP][PASSED] - Start listener action : sampleAfterTestCase: Call Test Case 'Test Cases/Common/API/GoogleSheet/Update result to GoogleSheet' successfully

2018-11-02 16:52:45 - [TEST_STEP][PASSED] - Statement - If (UploadTestStatus): Call Test Case 'Test Cases/Common/API/GoogleSheet/Update result to GoogleSheet' successfully

2018-11-02 16:52:45 - [TEST_STEP][PASSED] - Statement - testCaseName = testCaseContext.getTestCaseId().toString().split("/").last(): null

2018-11-02 16:52:45 - [TEST_STEP][PASSED] - Statement - testCaseStatus = testCaseContext.getTestCaseStatus(): null

2018-11-02 16:52:45 - [TEST_STEP][PASSED] - Statement - millis = java.lang.System.currentTimeMillis() - startTime: null

2018-11-02 16:52:45 - [TEST_STEP][PASSED] - Statement - seconds = millis / 1000: null

2018-11-02 16:52:45 - [TEST_STEP][PASSED] - Statement - duration = java.lang.String.format("%02d:%02d:%02d.%03d", millis / 3600000, seconds % 3600 / 60, seconds % 60, millis % 1000): null

2018-11-02 16:52:45 - [TEST_STEP][PASSED] - callTestCase: Call Test Case 'Test Cases/Common/API/GoogleSheet/Update result to GoogleSheet' successfully

2018-11-02 16:52:45 - [TEST_CASE][PASSED] - Test Cases/Common/API/GoogleSheet/Update result to GoogleSheet: Test Cases/Common/API/GoogleSheet/Update result to GoogleSheet

2018-11-02 16:52:46 - [TEST_STEP][PASSED] - Statement - jsonSlurper = new groovy.json.JsonSlurper(): null

2018-11-02 16:52:46 - [TEST_STEP][PASSED] - Statement - _data = CustomKeywords.pdi.Utilities.getDataRow(com.kms.katalon.core.testdata.TestDataFactory.findTestData(Data Files/API/GoogleSheet), 1): pdi.Utilities.getDataRow is PASSED

2018-11-02 16:52:46 - [MESSAGE][PASSED] - pdi.Utilities.getDataRow is PASSED

2018-11-02 16:52:46 - [TEST_STEP][PASSED] - Statement - _paramsBody = java.lang.String.format("client_id=%s&client_secret=%s&refresh_token=%s&grant_type=refresh_token", _data["client_id"], _data["client_secret"], _data["refresh_token"]): null

2018-11-02 16:52:46 - [TEST_STEP][PASSED] - Statement - If (true): null

2018-11-02 16:52:46 - [TEST_STEP][PASSED] - Statement - response_GoogleAccessToken = com.kms.katalon.core.webservice.keyword.WSBuiltInKeywords.sendRequest(com.kms.katalon.core.testobject.ObjectRepository.findTestObject(API/GoogleSheet/POST_Get GoogleSheet Access Token, [p_Body:_paramsBody])): Send request successfully

2018-11-02 16:52:46 - [MESSAGE][PASSED] - Send request successfully

2018-11-02 16:52:46 - [TEST_STEP][PASSED] - Statement - _accessToken = access_token: null

2018-11-02 16:52:46 - [TEST_STEP][PASSED] - Statement - If (true): null

2018-11-02 16:52:46 - [TEST_STEP][PASSED] - Statement - response_ListTCs = com.kms.katalon.core.webservice.keyword.WSBuiltInKeywords.sendRequest(com.kms.katalon.core.testobject.ObjectRepository.findTestObject(API/GoogleSheet/GET_Get list test cases, [p_Spreadsheet_Id:_data[spreadsheet_id], p_SheetName:internal.GlobalVariable.SheetName, p_Authorization:(Bearer  + _accessToken)])): Send request successfully

2018-11-02 16:52:47 - [MESSAGE][PASSED] - Send request successfully

2018-11-02 16:52:47 - [TEST_STEP][PASSED] - Statement - _listTC = []: null

2018-11-02 16:52:47 - [TEST_STEP][PASSED] - Statement - json_ListTCs = jsonSlurper.parseText(response_ListTCs.getResponseText()): null

2018-11-02 16:52:47 - [TEST_STEP][PASSED] - Statement - For (def TCName : values): null

2018-11-02 16:52:47 - [TEST_STEP][PASSED] - Statement - _listTC.add(TCName[0].toString()): null

2018-11-02 16:52:47 - [TEST_STEP][PASSED] - Statement - If (true): Send request successfully

2018-11-02 16:52:47 - [TEST_STEP][PASSED] - Statement - If (_listTC.contains(p_TCName)): null

2018-11-02 16:52:47 - [TEST_STEP][PASSED] - Statement - Else: Send request successfully

2018-11-02 16:52:47 - [TEST_STEP][PASSED] - Statement - foundIndex = _listTC.size() + 1: null

2018-11-02 16:52:47 - [TEST_STEP][PASSED] - sendRequest: Send request successfully

2018-11-02 16:52:48 - [MESSAGE][PASSED] - Send request successfully

2018-11-02 16:52:48 - [TEST_STEP][PASSED] - Statement - rangeValues = java.lang.String.format("%s","%s","%s","","%s", p_CurrentBuild, p_StartTime, p_Duration, p_TCStatus): null

2018-11-02 16:52:48 - [TEST_STEP][PASSED] - sendRequest: Send request successfully

2018-11-02 16:52:49 - [MESSAGE][PASSED] - Send request successfully

2018-11-02 16:52:49 - [MESSAGE][PASSED] - Call Test Case 'Test Cases/Common/API/GoogleSheet/Update result to GoogleSheet' successfully]]></system-out>
         <system-err><![CDATA[]]></system-err>
      </testcase>
      <testcase name="Test Cases/Features/API/Caculator/ATC_CAL-002- Add invalid value" classname="Test Cases/Features/API/Caculator/ATC_CAL-002- Add invalid value" status="PASSED">
         <system-out><![CDATA[2018-11-02 16:52:49 - [TEST_CASE][PASSED] - Test Cases/Features/API/Caculator/ATC_CAL-002- Add invalid value: Test Cases/Features/API/Caculator/ATC_CAL-002- Add invalid value

2018-11-02 16:52:49 - [TEST_STEP][PASSED] - Start listener action : sampleBeforeTestCase: Invoke 'com.kms.katalon.core.annotation.BeforeTestCase' method: 'Tests.sampleBeforeTestCase(...)' completed.

2018-11-02 16:52:49 - [TEST_STEP][PASSED] - Statement - startDate = CustomKeywords.pdi.Utilities.getUnique("yyyy/MM/dd HH:mm:ss"): pdi.Utilities.getUnique is PASSED

2018-11-02 16:52:49 - [MESSAGE][PASSED] - pdi.Utilities.getUnique is PASSED

2018-11-02 16:52:49 - [TEST_STEP][PASSED] - Statement - startTime = java.lang.System.currentTimeMillis(): Invoke 'com.kms.katalon.core.annotation.BeforeTestCase' method: 'Tests.sampleBeforeTestCase(...)' completed.

2018-11-02 16:52:49 - [TEST_STEP][PASSED] - Start setup action : SetUp: Method 'SetUp' complete successfully

2018-11-02 16:52:49 - [TEST_STEP][PASSED] - Statement - If (true): null

2018-11-02 16:52:49 - [TEST_STEP][PASSED] - Statement - _testData = com.kms.katalon.core.testdata.TestDataFactory.findTestData(API/Caculator/ATC_CAL-002- Add invalid value): Reading CSV file with source file 'comma', separator 'containing header' and '{2}'

2018-11-02 16:52:49 - [TEST_STEP][PASSED] - Statement - _totalRow = 1: null

2018-11-02 16:52:49 - [TEST_STEP][PASSED] - Statement - If (SuiteType.toUpperCase().contains("DRIVEN")): null

2018-11-02 16:52:49 - [MESSAGE][PASSED] - Method 'SetUp' complete successfully

2018-11-02 16:52:49 - [TEST_STEP][PASSED] - Statement - xmlSlurper = new groovy.util.XmlSlurper(): null

2018-11-02 16:52:49 - [TEST_STEP][PASSED] - Statement - add_function = <not implemented yet for class: org.codehaus.groovy.ast.expr.EmptyExpression>: null

2018-11-02 16:52:49 - [TEST_STEP][PASSED] - Statement - For ([i = 1, i <= _totalRow, (i++)]): Actual text 'a:DeserializationFailedThe formatter threw an exception while trying to deserialize the message: Error in deserializing body of request message for operation 'Add'. The value 'text' cannot be parsed as the type 'Int32'.Input string was not in a correct format.   at System.Number.StringToNumber(String str, NumberStyles options, NumberBuffer& number, NumberFormatInfo info, Boolean parseDecimal)
   at System.Number.ParseInt32(String s, NumberStyles style, NumberFormatInfo info)
   at System.Xml.XmlConverter.ToInt32(String value)System.FormatExceptionThe value 'text' cannot be parsed as the type 'Int32'.   at System.Xml.XmlConverter.ToInt32(String value)
   at System.Xml.XmlConverter.ToInt32(Byte[] buffer, Int32 offset, Int32 count)
   at System.Xml.ValueHandle.ToInt()
   at System.Xml.XmlBaseReader.ReadContentAsInt()
   at System.Xml.XmlDictionaryReader.ReadElementContentAsInt()
   at System.ServiceModel.Dispatcher.PrimitiveOperationFormatter.PartInfo.ReadValue(XmlDictionaryReader reader)
   at System.ServiceModel.Dispatcher.PrimitiveOperationFormatter.DeserializeParameter(XmlDictionaryReader reader, PartInfo part)
   at System.ServiceModel.Dispatcher.PrimitiveOperationFormatter.DeserializeParameters(XmlDictionaryReader reader, PartInfo[] parts, Object[] parameters)
   at System.ServiceModel.Dispatcher.PrimitiveOperationFormatter.DeserializeRequest(XmlDictionaryReader reader, Object[] parameters)
   at System.ServiceModel.Dispatcher.PrimitiveOperationFormatter.DeserializeRequest(Message message, Object[] parameters)System.Xml.XmlExceptionThe formatter threw an exception while trying to deserialize the message: Error in deserializing body of request message for operation 'Add'. The value 'text' cannot be parsed as the type 'Int32'.   at System.ServiceModel.Dispatcher.PrimitiveOperationFormatter.DeserializeRequest(Message message, Object[] parameters)
   at System.ServiceModel.Dispatcher.DispatchOperationRuntime.DeserializeInputs(MessageRpc& rpc)
   at System.ServiceModel.Dispatcher.DispatchOperationRuntime.InvokeBegin(MessageRpc& rpc)
   at System.ServiceModel.Dispatcher.ImmutableDispatchRuntime.ProcessMessage5(MessageRpc& rpc)
   at System.ServiceModel.Dispatcher.ImmutableDispatchRuntime.ProcessMessage41(MessageRpc& rpc)
   at System.ServiceModel.Dispatcher.ImmutableDispatchRuntime.ProcessMessage4(MessageRpc& rpc)
   at System.ServiceModel.Dispatcher.ImmutableDispatchRuntime.ProcessMessage31(MessageRpc& rpc)
   at System.ServiceModel.Dispatcher.ImmutableDispatchRuntime.ProcessMessage3(MessageRpc& rpc)
   at System.ServiceModel.Dispatcher.ImmutableDispatchRuntime.ProcessMessage2(MessageRpc& rpc)
   at System.ServiceModel.Dispatcher.ImmutableDispatchRuntime.ProcessMessage11(MessageRpc& rpc)
   at System.ServiceModel.Dispatcher.ImmutableDispatchRuntime.ProcessMessage1(MessageRpc& rpc)
   at System.ServiceModel.Dispatcher.MessageRpc.Process(Boolean isOperationContextSet)System.ServiceModel.Dispatcher.NetDispatcherFaultException' and expected text '.*Error in deserializing body of request message for operation 'Add'. The value 'text' cannot be parsed as the type 'Int32'.Input string was not in a correct format.*' are matched  using regular expression

2018-11-02 16:52:49 - [TEST_STEP][PASSED] - Statement - If (true): pdi.Utilities.getDataRow is PASSED

2018-11-02 16:52:49 - [TEST_STEP][PASSED] - Statement - _data = CustomKeywords.pdi.Utilities.getDataRow(_testData, i): pdi.Utilities.getDataRow is PASSED

2018-11-02 16:52:49 - [MESSAGE][PASSED] - pdi.Utilities.getDataRow is PASSED

2018-11-02 16:52:49 - [TEST_STEP][PASSED] - Statement - If (true): Send request successfully

2018-11-02 16:52:49 - [TEST_STEP][PASSED] - Statement - add_function = com.kms.katalon.core.webservice.keyword.WSBuiltInKeywords.sendRequest(com.kms.katalon.core.testobject.ObjectRepository.findTestObject(API/Calculator/SOAP_Add, [p_Number1:_data[number1], p_Number2:_data[number2]])): Send request successfully

2018-11-02 16:52:51 - [MESSAGE][PASSED] - Send request successfully

2018-11-02 16:52:51 - [TEST_STEP][PASSED] - verifyResponseStatusCode: Verify response status code successfully

2018-11-02 16:52:51 - [MESSAGE][PASSED] - Verify response status code successfully

2018-11-02 16:52:51 - [TEST_STEP][PASSED] - Statement - If (true): Actual text 'a:DeserializationFailedThe formatter threw an exception while trying to deserialize the message: Error in deserializing body of request message for operation 'Add'. The value 'text' cannot be parsed as the type 'Int32'.Input string was not in a correct format.   at System.Number.StringToNumber(String str, NumberStyles options, NumberBuffer& number, NumberFormatInfo info, Boolean parseDecimal)
   at System.Number.ParseInt32(String s, NumberStyles style, NumberFormatInfo info)
   at System.Xml.XmlConverter.ToInt32(String value)System.FormatExceptionThe value 'text' cannot be parsed as the type 'Int32'.   at System.Xml.XmlConverter.ToInt32(String value)
   at System.Xml.XmlConverter.ToInt32(Byte[] buffer, Int32 offset, Int32 count)
   at System.Xml.ValueHandle.ToInt()
   at System.Xml.XmlBaseReader.ReadContentAsInt()
   at System.Xml.XmlDictionaryReader.ReadElementContentAsInt()
   at System.ServiceModel.Dispatcher.PrimitiveOperationFormatter.PartInfo.ReadValue(XmlDictionaryReader reader)
   at System.ServiceModel.Dispatcher.PrimitiveOperationFormatter.DeserializeParameter(XmlDictionaryReader reader, PartInfo part)
   at System.ServiceModel.Dispatcher.PrimitiveOperationFormatter.DeserializeParameters(XmlDictionaryReader reader, PartInfo[] parts, Object[] parameters)
   at System.ServiceModel.Dispatcher.PrimitiveOperationFormatter.DeserializeRequest(XmlDictionaryReader reader, Object[] parameters)
   at System.ServiceModel.Dispatcher.PrimitiveOperationFormatter.DeserializeRequest(Message message, Object[] parameters)System.Xml.XmlExceptionThe formatter threw an exception while trying to deserialize the message: Error in deserializing body of request message for operation 'Add'. The value 'text' cannot be parsed as the type 'Int32'.   at System.ServiceModel.Dispatcher.PrimitiveOperationFormatter.DeserializeRequest(Message message, Object[] parameters)
   at System.ServiceModel.Dispatcher.DispatchOperationRuntime.DeserializeInputs(MessageRpc& rpc)
   at System.ServiceModel.Dispatcher.DispatchOperationRuntime.InvokeBegin(MessageRpc& rpc)
   at System.ServiceModel.Dispatcher.ImmutableDispatchRuntime.ProcessMessage5(MessageRpc& rpc)
   at System.ServiceModel.Dispatcher.ImmutableDispatchRuntime.ProcessMessage41(MessageRpc& rpc)
   at System.ServiceModel.Dispatcher.ImmutableDispatchRuntime.ProcessMessage4(MessageRpc& rpc)
   at System.ServiceModel.Dispatcher.ImmutableDispatchRuntime.ProcessMessage31(MessageRpc& rpc)
   at System.ServiceModel.Dispatcher.ImmutableDispatchRuntime.ProcessMessage3(MessageRpc& rpc)
   at System.ServiceModel.Dispatcher.ImmutableDispatchRuntime.ProcessMessage2(MessageRpc& rpc)
   at System.ServiceModel.Dispatcher.ImmutableDispatchRuntime.ProcessMessage11(MessageRpc& rpc)
   at System.ServiceModel.Dispatcher.ImmutableDispatchRuntime.ProcessMessage1(MessageRpc& rpc)
   at System.ServiceModel.Dispatcher.MessageRpc.Process(Boolean isOperationContextSet)System.ServiceModel.Dispatcher.NetDispatcherFaultException' and expected text '.*Error in deserializing body of request message for operation 'Add'. The value 'text' cannot be parsed as the type 'Int32'.Input string was not in a correct format.*' are matched  using regular expression

2018-11-02 16:52:51 - [TEST_STEP][PASSED] - Statement - errorMessage = ".*Error in deserializing body of request message for operation 'Add'. The value 'text' cannot be parsed as the type 'Int32'.Input string was not in a correct format.*": null

2018-11-02 16:52:51 - [TEST_STEP][PASSED] - Statement - xml_Response = xmlSlurper.parseText(add_function.getResponseText()).toString(): null

2018-11-02 16:52:51 - [TEST_STEP][PASSED] - verifyMatch: Actual text 'a:DeserializationFailedThe formatter threw an exception while trying to deserialize the message: Error in deserializing body of request message for operation 'Add'. The value 'text' cannot be parsed as the type 'Int32'.Input string was not in a correct format.   at System.Number.StringToNumber(String str, NumberStyles options, NumberBuffer& number, NumberFormatInfo info, Boolean parseDecimal)
   at System.Number.ParseInt32(String s, NumberStyles style, NumberFormatInfo info)
   at System.Xml.XmlConverter.ToInt32(String value)System.FormatExceptionThe value 'text' cannot be parsed as the type 'Int32'.   at System.Xml.XmlConverter.ToInt32(String value)
   at System.Xml.XmlConverter.ToInt32(Byte[] buffer, Int32 offset, Int32 count)
   at System.Xml.ValueHandle.ToInt()
   at System.Xml.XmlBaseReader.ReadContentAsInt()
   at System.Xml.XmlDictionaryReader.ReadElementContentAsInt()
   at System.ServiceModel.Dispatcher.PrimitiveOperationFormatter.PartInfo.ReadValue(XmlDictionaryReader reader)
   at System.ServiceModel.Dispatcher.PrimitiveOperationFormatter.DeserializeParameter(XmlDictionaryReader reader, PartInfo part)
   at System.ServiceModel.Dispatcher.PrimitiveOperationFormatter.DeserializeParameters(XmlDictionaryReader reader, PartInfo[] parts, Object[] parameters)
   at System.ServiceModel.Dispatcher.PrimitiveOperationFormatter.DeserializeRequest(XmlDictionaryReader reader, Object[] parameters)
   at System.ServiceModel.Dispatcher.PrimitiveOperationFormatter.DeserializeRequest(Message message, Object[] parameters)System.Xml.XmlExceptionThe formatter threw an exception while trying to deserialize the message: Error in deserializing body of request message for operation 'Add'. The value 'text' cannot be parsed as the type 'Int32'.   at System.ServiceModel.Dispatcher.PrimitiveOperationFormatter.DeserializeRequest(Message message, Object[] parameters)
   at System.ServiceModel.Dispatcher.DispatchOperationRuntime.DeserializeInputs(MessageRpc& rpc)
   at System.ServiceModel.Dispatcher.DispatchOperationRuntime.InvokeBegin(MessageRpc& rpc)
   at System.ServiceModel.Dispatcher.ImmutableDispatchRuntime.ProcessMessage5(MessageRpc& rpc)
   at System.ServiceModel.Dispatcher.ImmutableDispatchRuntime.ProcessMessage41(MessageRpc& rpc)
   at System.ServiceModel.Dispatcher.ImmutableDispatchRuntime.ProcessMessage4(MessageRpc& rpc)
   at System.ServiceModel.Dispatcher.ImmutableDispatchRuntime.ProcessMessage31(MessageRpc& rpc)
   at System.ServiceModel.Dispatcher.ImmutableDispatchRuntime.ProcessMessage3(MessageRpc& rpc)
   at System.ServiceModel.Dispatcher.ImmutableDispatchRuntime.ProcessMessage2(MessageRpc& rpc)
   at System.ServiceModel.Dispatcher.ImmutableDispatchRuntime.ProcessMessage11(MessageRpc& rpc)
   at System.ServiceModel.Dispatcher.ImmutableDispatchRuntime.ProcessMessage1(MessageRpc& rpc)
   at System.ServiceModel.Dispatcher.MessageRpc.Process(Boolean isOperationContextSet)System.ServiceModel.Dispatcher.NetDispatcherFaultException' and expected text '.*Error in deserializing body of request message for operation 'Add'. The value 'text' cannot be parsed as the type 'Int32'.Input string was not in a correct format.*' are matched  using regular expression

2018-11-02 16:52:51 - [MESSAGE][PASSED] - Actual text 'a:DeserializationFailedThe formatter threw an exception while trying to deserialize the message: Error in deserializing body of request message for operation 'Add'. The value 'text' cannot be parsed as the type 'Int32'.Input string was not in a correct format.   at System.Number.StringToNumber(String str, NumberStyles options, NumberBuffer& number, NumberFormatInfo info, Boolean parseDecimal)
   at System.Number.ParseInt32(String s, NumberStyles style, NumberFormatInfo info)
   at System.Xml.XmlConverter.ToInt32(String value)System.FormatExceptionThe value 'text' cannot be parsed as the type 'Int32'.   at System.Xml.XmlConverter.ToInt32(String value)
   at System.Xml.XmlConverter.ToInt32(Byte[] buffer, Int32 offset, Int32 count)
   at System.Xml.ValueHandle.ToInt()
   at System.Xml.XmlBaseReader.ReadContentAsInt()
   at System.Xml.XmlDictionaryReader.ReadElementContentAsInt()
   at System.ServiceModel.Dispatcher.PrimitiveOperationFormatter.PartInfo.ReadValue(XmlDictionaryReader reader)
   at System.ServiceModel.Dispatcher.PrimitiveOperationFormatter.DeserializeParameter(XmlDictionaryReader reader, PartInfo part)
   at System.ServiceModel.Dispatcher.PrimitiveOperationFormatter.DeserializeParameters(XmlDictionaryReader reader, PartInfo[] parts, Object[] parameters)
   at System.ServiceModel.Dispatcher.PrimitiveOperationFormatter.DeserializeRequest(XmlDictionaryReader reader, Object[] parameters)
   at System.ServiceModel.Dispatcher.PrimitiveOperationFormatter.DeserializeRequest(Message message, Object[] parameters)System.Xml.XmlExceptionThe formatter threw an exception while trying to deserialize the message: Error in deserializing body of request message for operation 'Add'. The value 'text' cannot be parsed as the type 'Int32'.   at System.ServiceModel.Dispatcher.PrimitiveOperationFormatter.DeserializeRequest(Message message, Object[] parameters)
   at System.ServiceModel.Dispatcher.DispatchOperationRuntime.DeserializeInputs(MessageRpc& rpc)
   at System.ServiceModel.Dispatcher.DispatchOperationRuntime.InvokeBegin(MessageRpc& rpc)
   at System.ServiceModel.Dispatcher.ImmutableDispatchRuntime.ProcessMessage5(MessageRpc& rpc)
   at System.ServiceModel.Dispatcher.ImmutableDispatchRuntime.ProcessMessage41(MessageRpc& rpc)
   at System.ServiceModel.Dispatcher.ImmutableDispatchRuntime.ProcessMessage4(MessageRpc& rpc)
   at System.ServiceModel.Dispatcher.ImmutableDispatchRuntime.ProcessMessage31(MessageRpc& rpc)
   at System.ServiceModel.Dispatcher.ImmutableDispatchRuntime.ProcessMessage3(MessageRpc& rpc)
   at System.ServiceModel.Dispatcher.ImmutableDispatchRuntime.ProcessMessage2(MessageRpc& rpc)
   at System.ServiceModel.Dispatcher.ImmutableDispatchRuntime.ProcessMessage11(MessageRpc& rpc)
   at System.ServiceModel.Dispatcher.ImmutableDispatchRuntime.ProcessMessage1(MessageRpc& rpc)
   at System.ServiceModel.Dispatcher.MessageRpc.Process(Boolean isOperationContextSet)System.ServiceModel.Dispatcher.NetDispatcherFaultException' and expected text '.*Error in deserializing body of request message for operation 'Add'. The value 'text' cannot be parsed as the type 'Int32'.Input string was not in a correct format.*' are matched  using regular expression

2018-11-02 16:52:51 - [TEST_STEP][PASSED] - Start listener action : sampleAfterTestCase: Call Test Case 'Test Cases/Common/API/GoogleSheet/Update result to GoogleSheet' successfully

2018-11-02 16:52:51 - [TEST_STEP][PASSED] - Statement - If (UploadTestStatus): Call Test Case 'Test Cases/Common/API/GoogleSheet/Update result to GoogleSheet' successfully

2018-11-02 16:52:51 - [TEST_STEP][PASSED] - Statement - testCaseName = testCaseContext.getTestCaseId().toString().split("/").last(): null

2018-11-02 16:52:51 - [TEST_STEP][PASSED] - Statement - testCaseStatus = testCaseContext.getTestCaseStatus(): null

2018-11-02 16:52:51 - [TEST_STEP][PASSED] - Statement - millis = java.lang.System.currentTimeMillis() - startTime: null

2018-11-02 16:52:51 - [TEST_STEP][PASSED] - Statement - seconds = millis / 1000: null

2018-11-02 16:52:51 - [TEST_STEP][PASSED] - Statement - duration = java.lang.String.format("%02d:%02d:%02d.%03d", millis / 3600000, seconds % 3600 / 60, seconds % 60, millis % 1000): null

2018-11-02 16:52:51 - [TEST_STEP][PASSED] - callTestCase: Call Test Case 'Test Cases/Common/API/GoogleSheet/Update result to GoogleSheet' successfully

2018-11-02 16:52:51 - [TEST_CASE][PASSED] - Test Cases/Common/API/GoogleSheet/Update result to GoogleSheet: Test Cases/Common/API/GoogleSheet/Update result to GoogleSheet

2018-11-02 16:52:51 - [TEST_STEP][PASSED] - Statement - jsonSlurper = new groovy.json.JsonSlurper(): null

2018-11-02 16:52:51 - [TEST_STEP][PASSED] - Statement - _data = CustomKeywords.pdi.Utilities.getDataRow(com.kms.katalon.core.testdata.TestDataFactory.findTestData(Data Files/API/GoogleSheet), 1): pdi.Utilities.getDataRow is PASSED

2018-11-02 16:52:51 - [MESSAGE][PASSED] - pdi.Utilities.getDataRow is PASSED

2018-11-02 16:52:51 - [TEST_STEP][PASSED] - Statement - _paramsBody = java.lang.String.format("client_id=%s&client_secret=%s&refresh_token=%s&grant_type=refresh_token", _data["client_id"], _data["client_secret"], _data["refresh_token"]): null

2018-11-02 16:52:51 - [TEST_STEP][PASSED] - Statement - If (true): null

2018-11-02 16:52:51 - [TEST_STEP][PASSED] - Statement - response_GoogleAccessToken = com.kms.katalon.core.webservice.keyword.WSBuiltInKeywords.sendRequest(com.kms.katalon.core.testobject.ObjectRepository.findTestObject(API/GoogleSheet/POST_Get GoogleSheet Access Token, [p_Body:_paramsBody])): Send request successfully

2018-11-02 16:52:51 - [MESSAGE][PASSED] - Send request successfully

2018-11-02 16:52:51 - [TEST_STEP][PASSED] - Statement - _accessToken = access_token: null

2018-11-02 16:52:51 - [TEST_STEP][PASSED] - Statement - If (true): null

2018-11-02 16:52:51 - [TEST_STEP][PASSED] - Statement - response_ListTCs = com.kms.katalon.core.webservice.keyword.WSBuiltInKeywords.sendRequest(com.kms.katalon.core.testobject.ObjectRepository.findTestObject(API/GoogleSheet/GET_Get list test cases, [p_Spreadsheet_Id:_data[spreadsheet_id], p_SheetName:internal.GlobalVariable.SheetName, p_Authorization:(Bearer  + _accessToken)])): Send request successfully

2018-11-02 16:52:52 - [MESSAGE][PASSED] - Send request successfully

2018-11-02 16:52:52 - [TEST_STEP][PASSED] - Statement - _listTC = []: null

2018-11-02 16:52:52 - [TEST_STEP][PASSED] - Statement - json_ListTCs = jsonSlurper.parseText(response_ListTCs.getResponseText()): null

2018-11-02 16:52:52 - [TEST_STEP][PASSED] - Statement - For (def TCName : values): null

2018-11-02 16:52:52 - [TEST_STEP][PASSED] - Statement - _listTC.add(TCName[0].toString()): null

2018-11-02 16:52:52 - [TEST_STEP][PASSED] - Statement - _listTC.add(TCName[0].toString()): null

2018-11-02 16:52:52 - [TEST_STEP][PASSED] - Statement - If (true): Send request successfully

2018-11-02 16:52:52 - [TEST_STEP][PASSED] - Statement - If (_listTC.contains(p_TCName)): null

2018-11-02 16:52:52 - [TEST_STEP][PASSED] - Statement - Else: Send request successfully

2018-11-02 16:52:52 - [TEST_STEP][PASSED] - Statement - foundIndex = _listTC.size() + 1: null

2018-11-02 16:52:52 - [TEST_STEP][PASSED] - sendRequest: Send request successfully

2018-11-02 16:52:53 - [MESSAGE][PASSED] - Send request successfully

2018-11-02 16:52:53 - [TEST_STEP][PASSED] - Statement - rangeValues = java.lang.String.format("%s","%s","%s","","%s", p_CurrentBuild, p_StartTime, p_Duration, p_TCStatus): null

2018-11-02 16:52:53 - [TEST_STEP][PASSED] - sendRequest: Send request successfully

2018-11-02 16:52:54 - [MESSAGE][PASSED] - Send request successfully

2018-11-02 16:52:54 - [MESSAGE][PASSED] - Call Test Case 'Test Cases/Common/API/GoogleSheet/Update result to GoogleSheet' successfully]]></system-out>
         <system-err><![CDATA[]]></system-err>
      </testcase>
      <testcase name="Test Cases/Features/API/Caculator/ATC_CAL-003-Test Case FAILED" classname="Test Cases/Features/API/Caculator/ATC_CAL-003-Test Case FAILED" status="FAILED">
         <failure type="FAILED" message="(Stack trace: com.kms.katalon.core.exception.StepFailedException: FAILED test case
	at com.kms.katalon.core.util.KeywordUtil.markFailed(KeywordUtil.java:15)
	at com.kms.katalon.core.util.KeywordUtil$markFailed.call(Unknown Source)
	at org.codehaus.groovy.runtime.callsite.CallSiteArray.defaultCall(CallSiteArray.java:48)
	at org.codehaus.groovy.runtime.callsite.AbstractCallSite.call(AbstractCallSite.java:113)
	at org.codehaus.groovy.runtime.callsite.AbstractCallSite.call(AbstractCallSite.java:125)
	at Script1541123997283.run(Script1541123997283.groovy:5)
	at com.kms.katalon.core.main.ScriptEngine.run(ScriptEngine.java:183)
	at com.kms.katalon.core.main.ScriptEngine.runScriptAsRawText(ScriptEngine.java:108)
	at com.kms.katalon.core.main.TestCaseExecutor.runScript(TestCaseExecutor.java:294)
	at com.kms.katalon.core.main.TestCaseExecutor.doExecute(TestCaseExecutor.java:285)
	at com.kms.katalon.core.main.TestCaseExecutor.processExecutionPhase(TestCaseExecutor.java:264)
	at com.kms.katalon.core.main.TestCaseExecutor.accessMainPhase(TestCaseExecutor.java:256)
	at com.kms.katalon.core.main.TestCaseExecutor.execute(TestCaseExecutor.java:200)
	at com.kms.katalon.core.main.TestSuiteExecutor.accessTestCaseMainPhase(TestSuiteExecutor.java:129)
	at com.kms.katalon.core.main.TestSuiteExecutor.accessTestSuiteMainPhase(TestSuiteExecutor.java:112)
	at com.kms.katalon.core.main.TestSuiteExecutor.execute(TestSuiteExecutor.java:81)
	at com.kms.katalon.core.main.TestCaseMain.startTestSuite(TestCaseMain.java:142)
	at com.kms.katalon.core.main.TestCaseMain$startTestSuite$0.call(Unknown Source)
	at org.codehaus.groovy.runtime.callsite.CallSiteArray.defaultCall(CallSiteArray.java:48)
	at org.codehaus.groovy.runtime.callsite.AbstractCallSite.call(AbstractCallSite.java:113)
	at org.codehaus.groovy.runtime.callsite.AbstractCallSite.call(AbstractCallSite.java:141)
	at TempTestSuite1541152350788.run(TempTestSuite1541152350788.groovy:36)
	at groovy.lang.GroovyShell.runScriptOrMainOrTestOrRunnable(GroovyShell.java:263)
	at groovy.lang.GroovyShell.run(GroovyShell.java:518)
	at groovy.lang.GroovyShell.run(GroovyShell.java:507)
	at groovy.ui.GroovyMain.processOnce(GroovyMain.java:653)
	at groovy.ui.GroovyMain.run(GroovyMain.java:384)
	at groovy.ui.GroovyMain.process(GroovyMain.java:370)
	at groovy.ui.GroovyMain.processArgs(GroovyMain.java:129)
	at groovy.ui.GroovyMain.main(GroovyMain.java:109)
	at sun.reflect.NativeMethodAccessorImpl.invoke0(Native Method)
	at sun.reflect.NativeMethodAccessorImpl.invoke(NativeMethodAccessorImpl.java:62)
	at sun.reflect.DelegatingMethodAccessorImpl.invoke(DelegatingMethodAccessorImpl.java:43)
	at java.lang.reflect.Method.invoke(Method.java:498)
	at org.codehaus.groovy.tools.GroovyStarter.rootLoader(GroovyStarter.java:109)
	at org.codehaus.groovy.tools.GroovyStarter.main(GroovyStarter.java:131)
)"/>
         <system-out><![CDATA[2018-11-02 16:52:54 - [TEST_CASE][FAILED] - Test Cases/Features/API/Caculator/ATC_CAL-003-Test Case FAILED: Test Cases/Features/API/Caculator/ATC_CAL-003-Test Case FAILED FAILED because (of) (Stack trace: com.kms.katalon.core.exception.StepFailedException: FAILED test case
	at com.kms.katalon.core.util.KeywordUtil.markFailed(KeywordUtil.java:15)
	at com.kms.katalon.core.util.KeywordUtil$markFailed.call(Unknown Source)
	at org.codehaus.groovy.runtime.callsite.CallSiteArray.defaultCall(CallSiteArray.java:48)
	at org.codehaus.groovy.runtime.callsite.AbstractCallSite.call(AbstractCallSite.java:113)
	at org.codehaus.groovy.runtime.callsite.AbstractCallSite.call(AbstractCallSite.java:125)
	at Script1541123997283.run(Script1541123997283.groovy:5)
	at com.kms.katalon.core.main.ScriptEngine.run(ScriptEngine.java:183)
	at com.kms.katalon.core.main.ScriptEngine.runScriptAsRawText(ScriptEngine.java:108)
	at com.kms.katalon.core.main.TestCaseExecutor.runScript(TestCaseExecutor.java:294)
	at com.kms.katalon.core.main.TestCaseExecutor.doExecute(TestCaseExecutor.java:285)
	at com.kms.katalon.core.main.TestCaseExecutor.processExecutionPhase(TestCaseExecutor.java:264)
	at com.kms.katalon.core.main.TestCaseExecutor.accessMainPhase(TestCaseExecutor.java:256)
	at com.kms.katalon.core.main.TestCaseExecutor.execute(TestCaseExecutor.java:200)
	at com.kms.katalon.core.main.TestSuiteExecutor.accessTestCaseMainPhase(TestSuiteExecutor.java:129)
	at com.kms.katalon.core.main.TestSuiteExecutor.accessTestSuiteMainPhase(TestSuiteExecutor.java:112)
	at com.kms.katalon.core.main.TestSuiteExecutor.execute(TestSuiteExecutor.java:81)
	at com.kms.katalon.core.main.TestCaseMain.startTestSuite(TestCaseMain.java:142)
	at com.kms.katalon.core.main.TestCaseMain$startTestSuite$0.call(Unknown Source)
	at org.codehaus.groovy.runtime.callsite.CallSiteArray.defaultCall(CallSiteArray.java:48)
	at org.codehaus.groovy.runtime.callsite.AbstractCallSite.call(AbstractCallSite.java:113)
	at org.codehaus.groovy.runtime.callsite.AbstractCallSite.call(AbstractCallSite.java:141)
	at TempTestSuite1541152350788.run(TempTestSuite1541152350788.groovy:36)
	at groovy.lang.GroovyShell.runScriptOrMainOrTestOrRunnable(GroovyShell.java:263)
	at groovy.lang.GroovyShell.run(GroovyShell.java:518)
	at groovy.lang.GroovyShell.run(GroovyShell.java:507)
	at groovy.ui.GroovyMain.processOnce(GroovyMain.java:653)
	at groovy.ui.GroovyMain.run(GroovyMain.java:384)
	at groovy.ui.GroovyMain.process(GroovyMain.java:370)
	at groovy.ui.GroovyMain.processArgs(GroovyMain.java:129)
	at groovy.ui.GroovyMain.main(GroovyMain.java:109)
	at sun.reflect.NativeMethodAccessorImpl.invoke0(Native Method)
	at sun.reflect.NativeMethodAccessorImpl.invoke(NativeMethodAccessorImpl.java:62)
	at sun.reflect.DelegatingMethodAccessorImpl.invoke(DelegatingMethodAccessorImpl.java:43)
	at java.lang.reflect.Method.invoke(Method.java:498)
	at org.codehaus.groovy.tools.GroovyStarter.rootLoader(GroovyStarter.java:109)
	at org.codehaus.groovy.tools.GroovyStarter.main(GroovyStarter.java:131)
)

2018-11-02 16:52:54 - [TEST_STEP][PASSED] - Start listener action : sampleBeforeTestCase: Invoke 'com.kms.katalon.core.annotation.BeforeTestCase' method: 'Tests.sampleBeforeTestCase(...)' completed.

2018-11-02 16:52:54 - [TEST_STEP][PASSED] - Statement - startDate = CustomKeywords.pdi.Utilities.getUnique("yyyy/MM/dd HH:mm:ss"): pdi.Utilities.getUnique is PASSED

2018-11-02 16:52:54 - [MESSAGE][PASSED] - pdi.Utilities.getUnique is PASSED

2018-11-02 16:52:54 - [TEST_STEP][PASSED] - Statement - startTime = java.lang.System.currentTimeMillis(): Invoke 'com.kms.katalon.core.annotation.BeforeTestCase' method: 'Tests.sampleBeforeTestCase(...)' completed.

2018-11-02 16:52:54 - [TEST_STEP][PASSED] - delay: Delayed 4 second(s)

2018-11-02 16:52:58 - [MESSAGE][PASSED] - Delayed 4 second(s)

2018-11-02 16:52:58 - [TEST_STEP][PASSED] - Statement - com.kms.katalon.core.util.KeywordUtil.markFailed("FAILED test case"): null

2018-11-02 16:52:58 - [TEST_STEP][PASSED] - Start listener action : sampleAfterTestCase: Call Test Case 'Test Cases/Common/API/GoogleSheet/Update result to GoogleSheet' successfully

2018-11-02 16:52:58 - [TEST_STEP][PASSED] - Statement - If (UploadTestStatus): Call Test Case 'Test Cases/Common/API/GoogleSheet/Update result to GoogleSheet' successfully

2018-11-02 16:52:58 - [TEST_STEP][PASSED] - Statement - testCaseName = testCaseContext.getTestCaseId().toString().split("/").last(): null

2018-11-02 16:52:58 - [TEST_STEP][PASSED] - Statement - testCaseStatus = testCaseContext.getTestCaseStatus(): null

2018-11-02 16:52:58 - [TEST_STEP][PASSED] - Statement - millis = java.lang.System.currentTimeMillis() - startTime: null

2018-11-02 16:52:58 - [TEST_STEP][PASSED] - Statement - seconds = millis / 1000: null

2018-11-02 16:52:58 - [TEST_STEP][PASSED] - Statement - duration = java.lang.String.format("%02d:%02d:%02d.%03d", millis / 3600000, seconds % 3600 / 60, seconds % 60, millis % 1000): null

2018-11-02 16:52:58 - [TEST_STEP][PASSED] - callTestCase: Call Test Case 'Test Cases/Common/API/GoogleSheet/Update result to GoogleSheet' successfully

2018-11-02 16:52:58 - [TEST_CASE][PASSED] - Test Cases/Common/API/GoogleSheet/Update result to GoogleSheet: Test Cases/Common/API/GoogleSheet/Update result to GoogleSheet

2018-11-02 16:52:58 - [TEST_STEP][PASSED] - Statement - jsonSlurper = new groovy.json.JsonSlurper(): null

2018-11-02 16:52:58 - [TEST_STEP][PASSED] - Statement - _data = CustomKeywords.pdi.Utilities.getDataRow(com.kms.katalon.core.testdata.TestDataFactory.findTestData(Data Files/API/GoogleSheet), 1): pdi.Utilities.getDataRow is PASSED

2018-11-02 16:52:58 - [MESSAGE][PASSED] - pdi.Utilities.getDataRow is PASSED

2018-11-02 16:52:58 - [TEST_STEP][PASSED] - Statement - _paramsBody = java.lang.String.format("client_id=%s&client_secret=%s&refresh_token=%s&grant_type=refresh_token", _data["client_id"], _data["client_secret"], _data["refresh_token"]): null

2018-11-02 16:52:58 - [TEST_STEP][PASSED] - Statement - If (true): null

2018-11-02 16:52:58 - [TEST_STEP][PASSED] - Statement - response_GoogleAccessToken = com.kms.katalon.core.webservice.keyword.WSBuiltInKeywords.sendRequest(com.kms.katalon.core.testobject.ObjectRepository.findTestObject(API/GoogleSheet/POST_Get GoogleSheet Access Token, [p_Body:_paramsBody])): Send request successfully

2018-11-02 16:52:58 - [MESSAGE][PASSED] - Send request successfully

2018-11-02 16:52:58 - [TEST_STEP][PASSED] - Statement - _accessToken = access_token: null

2018-11-02 16:52:58 - [TEST_STEP][PASSED] - Statement - If (true): null

2018-11-02 16:52:58 - [TEST_STEP][PASSED] - Statement - response_ListTCs = com.kms.katalon.core.webservice.keyword.WSBuiltInKeywords.sendRequest(com.kms.katalon.core.testobject.ObjectRepository.findTestObject(API/GoogleSheet/GET_Get list test cases, [p_Spreadsheet_Id:_data[spreadsheet_id], p_SheetName:internal.GlobalVariable.SheetName, p_Authorization:(Bearer  + _accessToken)])): Send request successfully

2018-11-02 16:52:59 - [MESSAGE][PASSED] - Send request successfully

2018-11-02 16:52:59 - [TEST_STEP][PASSED] - Statement - _listTC = []: null

2018-11-02 16:52:59 - [TEST_STEP][PASSED] - Statement - json_ListTCs = jsonSlurper.parseText(response_ListTCs.getResponseText()): null

2018-11-02 16:52:59 - [TEST_STEP][PASSED] - Statement - For (def TCName : values): null

2018-11-02 16:52:59 - [TEST_STEP][PASSED] - Statement - _listTC.add(TCName[0].toString()): null

2018-11-02 16:52:59 - [TEST_STEP][PASSED] - Statement - _listTC.add(TCName[0].toString()): null

2018-11-02 16:52:59 - [TEST_STEP][PASSED] - Statement - _listTC.add(TCName[0].toString()): null

2018-11-02 16:52:59 - [TEST_STEP][PASSED] - Statement - If (true): Send request successfully

2018-11-02 16:52:59 - [TEST_STEP][PASSED] - Statement - If (_listTC.contains(p_TCName)): null

2018-11-02 16:52:59 - [TEST_STEP][PASSED] - Statement - Else: Send request successfully

2018-11-02 16:52:59 - [TEST_STEP][PASSED] - Statement - foundIndex = _listTC.size() + 1: null

2018-11-02 16:52:59 - [TEST_STEP][PASSED] - sendRequest: Send request successfully

2018-11-02 16:53:00 - [MESSAGE][PASSED] - Send request successfully

2018-11-02 16:53:00 - [TEST_STEP][PASSED] - Statement - rangeValues = java.lang.String.format("%s","%s","%s","","%s", p_CurrentBuild, p_StartTime, p_Duration, p_TCStatus): null

2018-11-02 16:53:00 - [TEST_STEP][PASSED] - sendRequest: Send request successfully

2018-11-02 16:53:01 - [MESSAGE][PASSED] - Send request successfully

2018-11-02 16:53:01 - [MESSAGE][PASSED] - Call Test Case 'Test Cases/Common/API/GoogleSheet/Update result to GoogleSheet' successfully]]></system-out>
         <system-err><![CDATA[2018-11-02 16:52:54 - [TEST_CASE][FAILED] - Test Cases/Features/API/Caculator/ATC_CAL-003-Test Case FAILED: Test Cases/Features/API/Caculator/ATC_CAL-003-Test Case FAILED FAILED because (of) (Stack trace: com.kms.katalon.core.exception.StepFailedException: FAILED test case
	at com.kms.katalon.core.util.KeywordUtil.markFailed(KeywordUtil.java:15)
	at com.kms.katalon.core.util.KeywordUtil$markFailed.call(Unknown Source)
	at org.codehaus.groovy.runtime.callsite.CallSiteArray.defaultCall(CallSiteArray.java:48)
	at org.codehaus.groovy.runtime.callsite.AbstractCallSite.call(AbstractCallSite.java:113)
	at org.codehaus.groovy.runtime.callsite.AbstractCallSite.call(AbstractCallSite.java:125)
	at Script1541123997283.run(Script1541123997283.groovy:5)
	at com.kms.katalon.core.main.ScriptEngine.run(ScriptEngine.java:183)
	at com.kms.katalon.core.main.ScriptEngine.runScriptAsRawText(ScriptEngine.java:108)
	at com.kms.katalon.core.main.TestCaseExecutor.runScript(TestCaseExecutor.java:294)
	at com.kms.katalon.core.main.TestCaseExecutor.doExecute(TestCaseExecutor.java:285)
	at com.kms.katalon.core.main.TestCaseExecutor.processExecutionPhase(TestCaseExecutor.java:264)
	at com.kms.katalon.core.main.TestCaseExecutor.accessMainPhase(TestCaseExecutor.java:256)
	at com.kms.katalon.core.main.TestCaseExecutor.execute(TestCaseExecutor.java:200)
	at com.kms.katalon.core.main.TestSuiteExecutor.accessTestCaseMainPhase(TestSuiteExecutor.java:129)
	at com.kms.katalon.core.main.TestSuiteExecutor.accessTestSuiteMainPhase(TestSuiteExecutor.java:112)
	at com.kms.katalon.core.main.TestSuiteExecutor.execute(TestSuiteExecutor.java:81)
	at com.kms.katalon.core.main.TestCaseMain.startTestSuite(TestCaseMain.java:142)
	at com.kms.katalon.core.main.TestCaseMain$startTestSuite$0.call(Unknown Source)
	at org.codehaus.groovy.runtime.callsite.CallSiteArray.defaultCall(CallSiteArray.java:48)
	at org.codehaus.groovy.runtime.callsite.AbstractCallSite.call(AbstractCallSite.java:113)
	at org.codehaus.groovy.runtime.callsite.AbstractCallSite.call(AbstractCallSite.java:141)
	at TempTestSuite1541152350788.run(TempTestSuite1541152350788.groovy:36)
	at groovy.lang.GroovyShell.runScriptOrMainOrTestOrRunnable(GroovyShell.java:263)
	at groovy.lang.GroovyShell.run(GroovyShell.java:518)
	at groovy.lang.GroovyShell.run(GroovyShell.java:507)
	at groovy.ui.GroovyMain.processOnce(GroovyMain.java:653)
	at groovy.ui.GroovyMain.run(GroovyMain.java:384)
	at groovy.ui.GroovyMain.process(GroovyMain.java:370)
	at groovy.ui.GroovyMain.processArgs(GroovyMain.java:129)
	at groovy.ui.GroovyMain.main(GroovyMain.java:109)
	at sun.reflect.NativeMethodAccessorImpl.invoke0(Native Method)
	at sun.reflect.NativeMethodAccessorImpl.invoke(NativeMethodAccessorImpl.java:62)
	at sun.reflect.DelegatingMethodAccessorImpl.invoke(DelegatingMethodAccessorImpl.java:43)
	at java.lang.reflect.Method.invoke(Method.java:498)
	at org.codehaus.groovy.tools.GroovyStarter.rootLoader(GroovyStarter.java:109)
	at org.codehaus.groovy.tools.GroovyStarter.main(GroovyStarter.java:131)
)]]></system-err>
      </testcase>
      <testcase name="Test Cases/Features/API/Caculator/ATC_CAL-004-Test Case ERROR" classname="Test Cases/Features/API/Caculator/ATC_CAL-004-Test Case ERROR" status="ERROR">
         <error type="ERROR" message="Test Cases/Features/API/Caculator/ATC_CAL-004-Test Case ERROR FAILED because (of) (Stack trace: com.kms.katalon.core.exception.StepErrorException: ERROR test case
	at com.kms.katalon.core.util.KeywordUtil.markError(KeywordUtil.java:61)
	at com.kms.katalon.core.util.KeywordUtil$markError$0.call(Unknown Source)
	at org.codehaus.groovy.runtime.callsite.CallSiteArray.defaultCall(CallSiteArray.java:48)
	at org.codehaus.groovy.runtime.callsite.AbstractCallSite.call(AbstractCallSite.java:113)
	at org.codehaus.groovy.runtime.callsite.AbstractCallSite.call(AbstractCallSite.java:125)
	at Script1541124321979.run(Script1541124321979.groovy:5)
	at com.kms.katalon.core.main.ScriptEngine.run(ScriptEngine.java:183)
	at com.kms.katalon.core.main.ScriptEngine.runScriptAsRawText(ScriptEngine.java:108)
	at com.kms.katalon.core.main.TestCaseExecutor.runScript(TestCaseExecutor.java:294)
	at com.kms.katalon.core.main.TestCaseExecutor.doExecute(TestCaseExecutor.java:285)
	at com.kms.katalon.core.main.TestCaseExecutor.processExecutionPhase(TestCaseExecutor.java:264)
	at com.kms.katalon.core.main.TestCaseExecutor.accessMainPhase(TestCaseExecutor.java:256)
	at com.kms.katalon.core.main.TestCaseExecutor.execute(TestCaseExecutor.java:200)
	at com.kms.katalon.core.main.TestSuiteExecutor.accessTestCaseMainPhase(TestSuiteExecutor.java:129)
	at com.kms.katalon.core.main.TestSuiteExecutor.accessTestSuiteMainPhase(TestSuiteExecutor.java:112)
	at com.kms.katalon.core.main.TestSuiteExecutor.execute(TestSuiteExecutor.java:81)
	at com.kms.katalon.core.main.TestCaseMain.startTestSuite(TestCaseMain.java:142)
	at com.kms.katalon.core.main.TestCaseMain$startTestSuite$0.call(Unknown Source)
	at org.codehaus.groovy.runtime.callsite.CallSiteArray.defaultCall(CallSiteArray.java:48)
	at org.codehaus.groovy.runtime.callsite.AbstractCallSite.call(AbstractCallSite.java:113)
	at org.codehaus.groovy.runtime.callsite.AbstractCallSite.call(AbstractCallSite.java:141)
	at TempTestSuite1541152350788.run(TempTestSuite1541152350788.groovy:36)
	at groovy.lang.GroovyShell.runScriptOrMainOrTestOrRunnable(GroovyShell.java:263)
	at groovy.lang.GroovyShell.run(GroovyShell.java:518)
	at groovy.lang.GroovyShell.run(GroovyShell.java:507)
	at groovy.ui.GroovyMain.processOnce(GroovyMain.java:653)
	at groovy.ui.GroovyMain.run(GroovyMain.java:384)
	at groovy.ui.GroovyMain.process(GroovyMain.java:370)
	at groovy.ui.GroovyMain.processArgs(GroovyMain.java:129)
	at groovy.ui.GroovyMain.main(GroovyMain.java:109)
	at sun.reflect.NativeMethodAccessorImpl.invoke0(Native Method)
	at sun.reflect.NativeMethodAccessorImpl.invoke(NativeMethodAccessorImpl.java:62)
	at sun.reflect.DelegatingMethodAccessorImpl.invoke(DelegatingMethodAccessorImpl.java:43)
	at java.lang.reflect.Method.invoke(Method.java:498)
	at org.codehaus.groovy.tools.GroovyStarter.rootLoader(GroovyStarter.java:109)
	at org.codehaus.groovy.tools.GroovyStarter.main(GroovyStarter.java:131)
)"/>
         <system-out><![CDATA[2018-11-02 16:53:01 - [TEST_CASE][ERROR] - Test Cases/Features/API/Caculator/ATC_CAL-004-Test Case ERROR: Test Cases/Features/API/Caculator/ATC_CAL-004-Test Case ERROR FAILED because (of) (Stack trace: com.kms.katalon.core.exception.StepErrorException: ERROR test case
	at com.kms.katalon.core.util.KeywordUtil.markError(KeywordUtil.java:61)
	at com.kms.katalon.core.util.KeywordUtil$markError$0.call(Unknown Source)
	at org.codehaus.groovy.runtime.callsite.CallSiteArray.defaultCall(CallSiteArray.java:48)
	at org.codehaus.groovy.runtime.callsite.AbstractCallSite.call(AbstractCallSite.java:113)
	at org.codehaus.groovy.runtime.callsite.AbstractCallSite.call(AbstractCallSite.java:125)
	at Script1541124321979.run(Script1541124321979.groovy:5)
	at com.kms.katalon.core.main.ScriptEngine.run(ScriptEngine.java:183)
	at com.kms.katalon.core.main.ScriptEngine.runScriptAsRawText(ScriptEngine.java:108)
	at com.kms.katalon.core.main.TestCaseExecutor.runScript(TestCaseExecutor.java:294)
	at com.kms.katalon.core.main.TestCaseExecutor.doExecute(TestCaseExecutor.java:285)
	at com.kms.katalon.core.main.TestCaseExecutor.processExecutionPhase(TestCaseExecutor.java:264)
	at com.kms.katalon.core.main.TestCaseExecutor.accessMainPhase(TestCaseExecutor.java:256)
	at com.kms.katalon.core.main.TestCaseExecutor.execute(TestCaseExecutor.java:200)
	at com.kms.katalon.core.main.TestSuiteExecutor.accessTestCaseMainPhase(TestSuiteExecutor.java:129)
	at com.kms.katalon.core.main.TestSuiteExecutor.accessTestSuiteMainPhase(TestSuiteExecutor.java:112)
	at com.kms.katalon.core.main.TestSuiteExecutor.execute(TestSuiteExecutor.java:81)
	at com.kms.katalon.core.main.TestCaseMain.startTestSuite(TestCaseMain.java:142)
	at com.kms.katalon.core.main.TestCaseMain$startTestSuite$0.call(Unknown Source)
	at org.codehaus.groovy.runtime.callsite.CallSiteArray.defaultCall(CallSiteArray.java:48)
	at org.codehaus.groovy.runtime.callsite.AbstractCallSite.call(AbstractCallSite.java:113)
	at org.codehaus.groovy.runtime.callsite.AbstractCallSite.call(AbstractCallSite.java:141)
	at TempTestSuite1541152350788.run(TempTestSuite1541152350788.groovy:36)
	at groovy.lang.GroovyShell.runScriptOrMainOrTestOrRunnable(GroovyShell.java:263)
	at groovy.lang.GroovyShell.run(GroovyShell.java:518)
	at groovy.lang.GroovyShell.run(GroovyShell.java:507)
	at groovy.ui.GroovyMain.processOnce(GroovyMain.java:653)
	at groovy.ui.GroovyMain.run(GroovyMain.java:384)
	at groovy.ui.GroovyMain.process(GroovyMain.java:370)
	at groovy.ui.GroovyMain.processArgs(GroovyMain.java:129)
	at groovy.ui.GroovyMain.main(GroovyMain.java:109)
	at sun.reflect.NativeMethodAccessorImpl.invoke0(Native Method)
	at sun.reflect.NativeMethodAccessorImpl.invoke(NativeMethodAccessorImpl.java:62)
	at sun.reflect.DelegatingMethodAccessorImpl.invoke(DelegatingMethodAccessorImpl.java:43)
	at java.lang.reflect.Method.invoke(Method.java:498)
	at org.codehaus.groovy.tools.GroovyStarter.rootLoader(GroovyStarter.java:109)
	at org.codehaus.groovy.tools.GroovyStarter.main(GroovyStarter.java:131)
)

2018-11-02 16:53:01 - [TEST_STEP][PASSED] - Start listener action : sampleBeforeTestCase: Invoke 'com.kms.katalon.core.annotation.BeforeTestCase' method: 'Tests.sampleBeforeTestCase(...)' completed.

2018-11-02 16:53:01 - [TEST_STEP][PASSED] - Statement - startDate = CustomKeywords.pdi.Utilities.getUnique("yyyy/MM/dd HH:mm:ss"): pdi.Utilities.getUnique is PASSED

2018-11-02 16:53:01 - [MESSAGE][PASSED] - pdi.Utilities.getUnique is PASSED

2018-11-02 16:53:01 - [TEST_STEP][PASSED] - Statement - startTime = java.lang.System.currentTimeMillis(): Invoke 'com.kms.katalon.core.annotation.BeforeTestCase' method: 'Tests.sampleBeforeTestCase(...)' completed.

2018-11-02 16:53:01 - [TEST_STEP][PASSED] - delay: Delayed 3 second(s)

2018-11-02 16:53:04 - [MESSAGE][PASSED] - Delayed 3 second(s)

2018-11-02 16:53:04 - [TEST_STEP][PASSED] - Statement - com.kms.katalon.core.util.KeywordUtil.markError("ERROR test case"): null

2018-11-02 16:53:04 - [TEST_STEP][PASSED] - Start listener action : sampleAfterTestCase: Call Test Case 'Test Cases/Common/API/GoogleSheet/Update result to GoogleSheet' successfully

2018-11-02 16:53:04 - [TEST_STEP][PASSED] - Statement - If (UploadTestStatus): Call Test Case 'Test Cases/Common/API/GoogleSheet/Update result to GoogleSheet' successfully

2018-11-02 16:53:04 - [TEST_STEP][PASSED] - Statement - testCaseName = testCaseContext.getTestCaseId().toString().split("/").last(): null

2018-11-02 16:53:04 - [TEST_STEP][PASSED] - Statement - testCaseStatus = testCaseContext.getTestCaseStatus(): null

2018-11-02 16:53:04 - [TEST_STEP][PASSED] - Statement - millis = java.lang.System.currentTimeMillis() - startTime: null

2018-11-02 16:53:04 - [TEST_STEP][PASSED] - Statement - seconds = millis / 1000: null

2018-11-02 16:53:04 - [TEST_STEP][PASSED] - Statement - duration = java.lang.String.format("%02d:%02d:%02d.%03d", millis / 3600000, seconds % 3600 / 60, seconds % 60, millis % 1000): null

2018-11-02 16:53:04 - [TEST_STEP][PASSED] - callTestCase: Call Test Case 'Test Cases/Common/API/GoogleSheet/Update result to GoogleSheet' successfully

2018-11-02 16:53:04 - [TEST_CASE][PASSED] - Test Cases/Common/API/GoogleSheet/Update result to GoogleSheet: Test Cases/Common/API/GoogleSheet/Update result to GoogleSheet

2018-11-02 16:53:04 - [TEST_STEP][PASSED] - Statement - jsonSlurper = new groovy.json.JsonSlurper(): null

2018-11-02 16:53:04 - [TEST_STEP][PASSED] - Statement - _data = CustomKeywords.pdi.Utilities.getDataRow(com.kms.katalon.core.testdata.TestDataFactory.findTestData(Data Files/API/GoogleSheet), 1): pdi.Utilities.getDataRow is PASSED

2018-11-02 16:53:04 - [MESSAGE][PASSED] - pdi.Utilities.getDataRow is PASSED

2018-11-02 16:53:04 - [TEST_STEP][PASSED] - Statement - _paramsBody = java.lang.String.format("client_id=%s&client_secret=%s&refresh_token=%s&grant_type=refresh_token", _data["client_id"], _data["client_secret"], _data["refresh_token"]): null

2018-11-02 16:53:04 - [TEST_STEP][PASSED] - Statement - If (true): null

2018-11-02 16:53:04 - [TEST_STEP][PASSED] - Statement - response_GoogleAccessToken = com.kms.katalon.core.webservice.keyword.WSBuiltInKeywords.sendRequest(com.kms.katalon.core.testobject.ObjectRepository.findTestObject(API/GoogleSheet/POST_Get GoogleSheet Access Token, [p_Body:_paramsBody])): Send request successfully

2018-11-02 16:53:05 - [MESSAGE][PASSED] - Send request successfully

2018-11-02 16:53:05 - [TEST_STEP][PASSED] - Statement - _accessToken = access_token: null

2018-11-02 16:53:05 - [TEST_STEP][PASSED] - Statement - If (true): null

2018-11-02 16:53:05 - [TEST_STEP][PASSED] - Statement - response_ListTCs = com.kms.katalon.core.webservice.keyword.WSBuiltInKeywords.sendRequest(com.kms.katalon.core.testobject.ObjectRepository.findTestObject(API/GoogleSheet/GET_Get list test cases, [p_Spreadsheet_Id:_data[spreadsheet_id], p_SheetName:internal.GlobalVariable.SheetName, p_Authorization:(Bearer  + _accessToken)])): Send request successfully

2018-11-02 16:53:06 - [MESSAGE][PASSED] - Send request successfully

2018-11-02 16:53:06 - [TEST_STEP][PASSED] - Statement - _listTC = []: null

2018-11-02 16:53:06 - [TEST_STEP][PASSED] - Statement - json_ListTCs = jsonSlurper.parseText(response_ListTCs.getResponseText()): null

2018-11-02 16:53:06 - [TEST_STEP][PASSED] - Statement - For (def TCName : values): null

2018-11-02 16:53:06 - [TEST_STEP][PASSED] - Statement - _listTC.add(TCName[0].toString()): null

2018-11-02 16:53:06 - [TEST_STEP][PASSED] - Statement - _listTC.add(TCName[0].toString()): null

2018-11-02 16:53:06 - [TEST_STEP][PASSED] - Statement - _listTC.add(TCName[0].toString()): null

2018-11-02 16:53:06 - [TEST_STEP][PASSED] - Statement - _listTC.add(TCName[0].toString()): null

2018-11-02 16:53:06 - [TEST_STEP][PASSED] - Statement - If (true): Send request successfully

2018-11-02 16:53:06 - [TEST_STEP][PASSED] - Statement - If (_listTC.contains(p_TCName)): null

2018-11-02 16:53:06 - [TEST_STEP][PASSED] - Statement - Else: Send request successfully

2018-11-02 16:53:06 - [TEST_STEP][PASSED] - Statement - foundIndex = _listTC.size() + 1: null

2018-11-02 16:53:06 - [TEST_STEP][PASSED] - sendRequest: Send request successfully

2018-11-02 16:53:07 - [MESSAGE][PASSED] - Send request successfully

2018-11-02 16:53:07 - [TEST_STEP][PASSED] - Statement - rangeValues = java.lang.String.format("%s","%s","%s","","%s", p_CurrentBuild, p_StartTime, p_Duration, p_TCStatus): null

2018-11-02 16:53:07 - [TEST_STEP][PASSED] - sendRequest: Send request successfully

2018-11-02 16:53:08 - [MESSAGE][PASSED] - Send request successfully

2018-11-02 16:53:08 - [MESSAGE][PASSED] - Call Test Case 'Test Cases/Common/API/GoogleSheet/Update result to GoogleSheet' successfully]]></system-out>
         <system-err><![CDATA[2018-11-02 16:53:01 - [TEST_CASE][ERROR] - Test Cases/Features/API/Caculator/ATC_CAL-004-Test Case ERROR: Test Cases/Features/API/Caculator/ATC_CAL-004-Test Case ERROR FAILED because (of) (Stack trace: com.kms.katalon.core.exception.StepErrorException: ERROR test case
	at com.kms.katalon.core.util.KeywordUtil.markError(KeywordUtil.java:61)
	at com.kms.katalon.core.util.KeywordUtil$markError$0.call(Unknown Source)
	at org.codehaus.groovy.runtime.callsite.CallSiteArray.defaultCall(CallSiteArray.java:48)
	at org.codehaus.groovy.runtime.callsite.AbstractCallSite.call(AbstractCallSite.java:113)
	at org.codehaus.groovy.runtime.callsite.AbstractCallSite.call(AbstractCallSite.java:125)
	at Script1541124321979.run(Script1541124321979.groovy:5)
	at com.kms.katalon.core.main.ScriptEngine.run(ScriptEngine.java:183)
	at com.kms.katalon.core.main.ScriptEngine.runScriptAsRawText(ScriptEngine.java:108)
	at com.kms.katalon.core.main.TestCaseExecutor.runScript(TestCaseExecutor.java:294)
	at com.kms.katalon.core.main.TestCaseExecutor.doExecute(TestCaseExecutor.java:285)
	at com.kms.katalon.core.main.TestCaseExecutor.processExecutionPhase(TestCaseExecutor.java:264)
	at com.kms.katalon.core.main.TestCaseExecutor.accessMainPhase(TestCaseExecutor.java:256)
	at com.kms.katalon.core.main.TestCaseExecutor.execute(TestCaseExecutor.java:200)
	at com.kms.katalon.core.main.TestSuiteExecutor.accessTestCaseMainPhase(TestSuiteExecutor.java:129)
	at com.kms.katalon.core.main.TestSuiteExecutor.accessTestSuiteMainPhase(TestSuiteExecutor.java:112)
	at com.kms.katalon.core.main.TestSuiteExecutor.execute(TestSuiteExecutor.java:81)
	at com.kms.katalon.core.main.TestCaseMain.startTestSuite(TestCaseMain.java:142)
	at com.kms.katalon.core.main.TestCaseMain$startTestSuite$0.call(Unknown Source)
	at org.codehaus.groovy.runtime.callsite.CallSiteArray.defaultCall(CallSiteArray.java:48)
	at org.codehaus.groovy.runtime.callsite.AbstractCallSite.call(AbstractCallSite.java:113)
	at org.codehaus.groovy.runtime.callsite.AbstractCallSite.call(AbstractCallSite.java:141)
	at TempTestSuite1541152350788.run(TempTestSuite1541152350788.groovy:36)
	at groovy.lang.GroovyShell.runScriptOrMainOrTestOrRunnable(GroovyShell.java:263)
	at groovy.lang.GroovyShell.run(GroovyShell.java:518)
	at groovy.lang.GroovyShell.run(GroovyShell.java:507)
	at groovy.ui.GroovyMain.processOnce(GroovyMain.java:653)
	at groovy.ui.GroovyMain.run(GroovyMain.java:384)
	at groovy.ui.GroovyMain.process(GroovyMain.java:370)
	at groovy.ui.GroovyMain.processArgs(GroovyMain.java:129)
	at groovy.ui.GroovyMain.main(GroovyMain.java:109)
	at sun.reflect.NativeMethodAccessorImpl.invoke0(Native Method)
	at sun.reflect.NativeMethodAccessorImpl.invoke(NativeMethodAccessorImpl.java:62)
	at sun.reflect.DelegatingMethodAccessorImpl.invoke(DelegatingMethodAccessorImpl.java:43)
	at java.lang.reflect.Method.invoke(Method.java:498)
	at org.codehaus.groovy.tools.GroovyStarter.rootLoader(GroovyStarter.java:109)
	at org.codehaus.groovy.tools.GroovyStarter.main(GroovyStarter.java:131)
)]]></system-err>
      </testcase>
      <system-out><![CDATA[2018-11-02 16:52:33 - [TEST_SUITE][FAILED] - TS_API: Test Cases/Features/API/Caculator/ATC_CAL-003-Test Case FAILED FAILED because (of) (Stack trace: com.kms.katalon.core.exception.StepFailedException: FAILED test case
	at com.kms.katalon.core.util.KeywordUtil.markFailed(KeywordUtil.java:15)
	at com.kms.katalon.core.util.KeywordUtil$markFailed.call(Unknown Source)
	at org.codehaus.groovy.runtime.callsite.CallSiteArray.defaultCall(CallSiteArray.java:48)
	at org.codehaus.groovy.runtime.callsite.AbstractCallSite.call(AbstractCallSite.java:113)
	at org.codehaus.groovy.runtime.callsite.AbstractCallSite.call(AbstractCallSite.java:125)
	at Script1541123997283.run(Script1541123997283.groovy:5)
	at com.kms.katalon.core.main.ScriptEngine.run(ScriptEngine.java:183)
	at com.kms.katalon.core.main.ScriptEngine.runScriptAsRawText(ScriptEngine.java:108)
	at com.kms.katalon.core.main.TestCaseExecutor.runScript(TestCaseExecutor.java:294)
	at com.kms.katalon.core.main.TestCaseExecutor.doExecute(TestCaseExecutor.java:285)
	at com.kms.katalon.core.main.TestCaseExecutor.processExecutionPhase(TestCaseExecutor.java:264)
	at com.kms.katalon.core.main.TestCaseExecutor.accessMainPhase(TestCaseExecutor.java:256)
	at com.kms.katalon.core.main.TestCaseExecutor.execute(TestCaseExecutor.java:200)
	at com.kms.katalon.core.main.TestSuiteExecutor.accessTestCaseMainPhase(TestSuiteExecutor.java:129)
	at com.kms.katalon.core.main.TestSuiteExecutor.accessTestSuiteMainPhase(TestSuiteExecutor.java:112)
	at com.kms.katalon.core.main.TestSuiteExecutor.execute(TestSuiteExecutor.java:81)
	at com.kms.katalon.core.main.TestCaseMain.startTestSuite(TestCaseMain.java:142)
	at com.kms.katalon.core.main.TestCaseMain$startTestSuite$0.call(Unknown Source)
	at org.codehaus.groovy.runtime.callsite.CallSiteArray.defaultCall(CallSiteArray.java:48)
	at org.codehaus.groovy.runtime.callsite.AbstractCallSite.call(AbstractCallSite.java:113)
	at org.codehaus.groovy.runtime.callsite.AbstractCallSite.call(AbstractCallSite.java:141)
	at TempTestSuite1541152350788.run(TempTestSuite1541152350788.groovy:36)
	at groovy.lang.GroovyShell.runScriptOrMainOrTestOrRunnable(GroovyShell.java:263)
	at groovy.lang.GroovyShell.run(GroovyShell.java:518)
	at groovy.lang.GroovyShell.run(GroovyShell.java:507)
	at groovy.ui.GroovyMain.processOnce(GroovyMain.java:653)
	at groovy.ui.GroovyMain.run(GroovyMain.java:384)
	at groovy.ui.GroovyMain.process(GroovyMain.java:370)
	at groovy.ui.GroovyMain.processArgs(GroovyMain.java:129)
	at groovy.ui.GroovyMain.main(GroovyMain.java:109)
	at sun.reflect.NativeMethodAccessorImpl.invoke0(Native Method)
	at sun.reflect.NativeMethodAccessorImpl.invoke(NativeMethodAccessorImpl.java:62)
	at sun.reflect.DelegatingMethodAccessorImpl.invoke(DelegatingMethodAccessorImpl.java:43)
	at java.lang.reflect.Method.invoke(Method.java:498)
	at org.codehaus.groovy.tools.GroovyStarter.rootLoader(GroovyStarter.java:109)
	at org.codehaus.groovy.tools.GroovyStarter.main(GroovyStarter.java:131)
)]]></system-out>
      <system-err><![CDATA[2018-11-02 16:52:33 - [TEST_SUITE][FAILED] - TS_API: Test Cases/Features/API/Caculator/ATC_CAL-003-Test Case FAILED FAILED because (of) (Stack trace: com.kms.katalon.core.exception.StepFailedException: FAILED test case
	at com.kms.katalon.core.util.KeywordUtil.markFailed(KeywordUtil.java:15)
	at com.kms.katalon.core.util.KeywordUtil$markFailed.call(Unknown Source)
	at org.codehaus.groovy.runtime.callsite.CallSiteArray.defaultCall(CallSiteArray.java:48)
	at org.codehaus.groovy.runtime.callsite.AbstractCallSite.call(AbstractCallSite.java:113)
	at org.codehaus.groovy.runtime.callsite.AbstractCallSite.call(AbstractCallSite.java:125)
	at Script1541123997283.run(Script1541123997283.groovy:5)
	at com.kms.katalon.core.main.ScriptEngine.run(ScriptEngine.java:183)
	at com.kms.katalon.core.main.ScriptEngine.runScriptAsRawText(ScriptEngine.java:108)
	at com.kms.katalon.core.main.TestCaseExecutor.runScript(TestCaseExecutor.java:294)
	at com.kms.katalon.core.main.TestCaseExecutor.doExecute(TestCaseExecutor.java:285)
	at com.kms.katalon.core.main.TestCaseExecutor.processExecutionPhase(TestCaseExecutor.java:264)
	at com.kms.katalon.core.main.TestCaseExecutor.accessMainPhase(TestCaseExecutor.java:256)
	at com.kms.katalon.core.main.TestCaseExecutor.execute(TestCaseExecutor.java:200)
	at com.kms.katalon.core.main.TestSuiteExecutor.accessTestCaseMainPhase(TestSuiteExecutor.java:129)
	at com.kms.katalon.core.main.TestSuiteExecutor.accessTestSuiteMainPhase(TestSuiteExecutor.java:112)
	at com.kms.katalon.core.main.TestSuiteExecutor.execute(TestSuiteExecutor.java:81)
	at com.kms.katalon.core.main.TestCaseMain.startTestSuite(TestCaseMain.java:142)
	at com.kms.katalon.core.main.TestCaseMain$startTestSuite$0.call(Unknown Source)
	at org.codehaus.groovy.runtime.callsite.CallSiteArray.defaultCall(CallSiteArray.java:48)
	at org.codehaus.groovy.runtime.callsite.AbstractCallSite.call(AbstractCallSite.java:113)
	at org.codehaus.groovy.runtime.callsite.AbstractCallSite.call(AbstractCallSite.java:141)
	at TempTestSuite1541152350788.run(TempTestSuite1541152350788.groovy:36)
	at groovy.lang.GroovyShell.runScriptOrMainOrTestOrRunnable(GroovyShell.java:263)
	at groovy.lang.GroovyShell.run(GroovyShell.java:518)
	at groovy.lang.GroovyShell.run(GroovyShell.java:507)
	at groovy.ui.GroovyMain.processOnce(GroovyMain.java:653)
	at groovy.ui.GroovyMain.run(GroovyMain.java:384)
	at groovy.ui.GroovyMain.process(GroovyMain.java:370)
	at groovy.ui.GroovyMain.processArgs(GroovyMain.java:129)
	at groovy.ui.GroovyMain.main(GroovyMain.java:109)
	at sun.reflect.NativeMethodAccessorImpl.invoke0(Native Method)
	at sun.reflect.NativeMethodAccessorImpl.invoke(NativeMethodAccessorImpl.java:62)
	at sun.reflect.DelegatingMethodAccessorImpl.invoke(DelegatingMethodAccessorImpl.java:43)
	at java.lang.reflect.Method.invoke(Method.java:498)
	at org.codehaus.groovy.tools.GroovyStarter.rootLoader(GroovyStarter.java:109)
	at org.codehaus.groovy.tools.GroovyStarter.main(GroovyStarter.java:131)
)]]></system-err>
   </testsuite>
</testsuites>
